2023-03-28 22:40:01,848|INFO|start|crawling
2023-03-28 22:40:02,243|ERROR|ETC|No module named 'pandas'
2023-03-28 22:40:02,243|ERROR|ETC|name 'naver_news_crawling' is not defined
2023-03-28 22:40:02,292|INFO|finish|crawling
2023-03-28 22:50:01,301|INFO|start|crawling
2023-03-28 22:50:01,684|ERROR|ETC|No module named 'pandas'
2023-03-28 22:50:01,684|ERROR|ETC|name 'naver_news_crawling' is not defined
2023-03-28 22:50:01,732|INFO|finish|crawling
2023-03-28 23:00:01,741|INFO|start|crawling
2023-03-28 23:00:06,631|INFO|start|정치|23:00:02
2023-03-28 23:00:06,631|INFO|success|정치|14
2023-03-28 23:00:06,631|INFO|fail|정치|0
2023-03-28 23:00:11,120|INFO|start|경제|23:00:06
2023-03-28 23:00:11,120|INFO|success|경제|24
2023-03-28 23:00:11,120|INFO|fail|경제|0
2023-03-28 23:00:16,974|INFO|start|사회|23:00:11
2023-03-28 23:00:16,974|INFO|success|사회|36
2023-03-28 23:00:16,974|INFO|fail|사회|0
2023-03-28 23:00:17,278|INFO|start|생활/문화|23:00:16
2023-03-28 23:00:17,278|INFO|success|생활/문화|1
2023-03-28 23:00:17,278|INFO|fail|생활/문화|0
2023-03-28 23:00:18,845|ERROR|CRAWLING|IT/과학|게임/리뷰|'NoneType' object has no attribute 'text'
2023-03-28 23:00:19,166|INFO|start|IT/과학|23:00:17
2023-03-28 23:00:19,166|INFO|success|IT/과학|1
2023-03-28 23:00:19,167|INFO|fail|IT/과학|1
2023-03-28 23:00:19,167|INFO|start|tokenize
2023-03-28 23:00:27,288|INFO|finish|tokenize
2023-03-28 23:00:27,288|INFO|success|tokenize|76
2023-03-28 23:00:30,421|INFO|start|연예|23:00:27
2023-03-28 23:00:30,422|INFO|success|연예|18
2023-03-28 23:00:30,422|INFO|fail|연예|0
2023-03-28 23:00:30,422|INFO|start|tokenize
2023-03-28 23:00:30,951|INFO|finish|tokenize
2023-03-28 23:00:30,951|INFO|success|tokenize|18
2023-03-28 23:00:31,103|INFO|finish|crawling
2023-03-28 23:10:01,112|INFO|start|crawling
2023-03-28 23:10:03,353|INFO|start|정치|23:10:01
2023-03-28 23:10:03,353|INFO|success|정치|2
2023-03-28 23:10:03,353|INFO|fail|정치|0
2023-03-28 23:10:05,416|INFO|start|경제|23:10:03
2023-03-28 23:10:05,416|INFO|success|경제|3
2023-03-28 23:10:05,416|INFO|fail|경제|0
2023-03-28 23:10:08,780|INFO|start|사회|23:10:05
2023-03-28 23:10:08,780|INFO|success|사회|15
2023-03-28 23:10:08,780|INFO|fail|사회|0
2023-03-28 23:10:08,984|INFO|start|생활/문화|23:10:08
2023-03-28 23:10:08,985|INFO|success|생활/문화|0
2023-03-28 23:10:08,985|INFO|fail|생활/문화|0
2023-03-28 23:10:10,575|ERROR|CRAWLING|IT/과학|게임/리뷰|'NoneType' object has no attribute 'text'
2023-03-28 23:10:10,772|INFO|start|IT/과학|23:10:08
2023-03-28 23:10:10,772|INFO|success|IT/과학|0
2023-03-28 23:10:10,772|INFO|fail|IT/과학|1
2023-03-28 23:10:10,772|INFO|start|tokenize
2023-03-28 23:10:16,877|INFO|finish|tokenize
2023-03-28 23:10:16,877|INFO|success|tokenize|20
2023-03-28 23:10:17,812|INFO|start|연예|23:10:16
2023-03-28 23:10:17,812|INFO|success|연예|2
2023-03-28 23:10:17,812|INFO|fail|연예|0
2023-03-28 23:10:17,812|INFO|start|tokenize
2023-03-28 23:10:17,956|INFO|finish|tokenize
2023-03-28 23:10:17,956|INFO|success|tokenize|2
2023-03-28 23:10:18,196|INFO|finish|crawling
2023-03-28 23:20:01,210|INFO|start|crawling
2023-03-28 23:20:03,389|INFO|start|정치|23:20:01
2023-03-28 23:20:03,389|INFO|success|정치|2
2023-03-28 23:20:03,389|INFO|fail|정치|0
2023-03-28 23:20:05,562|INFO|start|경제|23:20:03
2023-03-28 23:20:05,562|INFO|success|경제|3
2023-03-28 23:20:05,562|INFO|fail|경제|0
2023-03-28 23:20:08,444|INFO|start|사회|23:20:05
2023-03-28 23:20:08,444|INFO|success|사회|11
2023-03-28 23:20:08,444|INFO|fail|사회|0
2023-03-28 23:20:08,772|INFO|start|생활/문화|23:20:08
2023-03-28 23:20:08,772|INFO|success|생활/문화|1
2023-03-28 23:20:08,773|INFO|fail|생활/문화|0
2023-03-28 23:20:10,391|ERROR|CRAWLING|IT/과학|게임/리뷰|'NoneType' object has no attribute 'text'
2023-03-28 23:20:10,591|INFO|start|IT/과학|23:20:08
2023-03-28 23:20:10,591|INFO|success|IT/과학|0
2023-03-28 23:20:10,591|INFO|fail|IT/과학|1
2023-03-28 23:20:10,591|INFO|start|tokenize
2023-03-28 23:20:16,283|INFO|finish|tokenize
2023-03-28 23:20:16,283|INFO|success|tokenize|17
2023-03-28 23:20:18,162|INFO|start|연예|23:20:16
2023-03-28 23:20:18,162|INFO|success|연예|8
2023-03-28 23:20:18,162|INFO|fail|연예|0
2023-03-28 23:20:18,162|INFO|start|tokenize
2023-03-28 23:20:18,566|INFO|finish|tokenize
2023-03-28 23:20:18,566|INFO|success|tokenize|8
2023-03-28 23:20:19,094|INFO|finish|crawling
2023-03-28 23:30:01,102|INFO|start|crawling
2023-03-28 23:30:03,241|INFO|start|정치|23:30:01
2023-03-28 23:30:03,241|INFO|success|정치|2
2023-03-28 23:30:03,241|INFO|fail|정치|0
2023-03-28 23:30:05,946|INFO|start|경제|23:30:03
2023-03-28 23:30:05,946|INFO|success|경제|9
2023-03-28 23:30:05,946|INFO|fail|경제|0
2023-03-28 23:30:08,035|INFO|start|사회|23:30:05
2023-03-28 23:30:08,035|INFO|success|사회|4
2023-03-28 23:30:08,036|INFO|fail|사회|0
2023-03-28 23:30:08,357|INFO|start|생활/문화|23:30:08
2023-03-28 23:30:08,357|INFO|success|생활/문화|1
2023-03-28 23:30:08,357|INFO|fail|생활/문화|0
2023-03-28 23:30:09,918|ERROR|CRAWLING|IT/과학|게임/리뷰|'NoneType' object has no attribute 'text'
2023-03-28 23:30:10,116|INFO|start|IT/과학|23:30:08
2023-03-28 23:30:10,116|INFO|success|IT/과학|0
2023-03-28 23:30:10,116|INFO|fail|IT/과학|1
2023-03-28 23:30:10,116|INFO|start|tokenize
2023-03-28 23:30:15,661|INFO|finish|tokenize
2023-03-28 23:30:15,661|INFO|success|tokenize|16
2023-03-28 23:30:16,927|INFO|start|연예|23:30:15
2023-03-28 23:30:16,927|INFO|success|연예|5
2023-03-28 23:30:16,928|INFO|fail|연예|0
2023-03-28 23:30:16,928|INFO|start|tokenize
2023-03-28 23:30:17,216|INFO|finish|tokenize
2023-03-28 23:30:17,216|INFO|success|tokenize|5
2023-03-28 23:30:17,473|INFO|finish|crawling
2023-03-28 23:40:01,483|INFO|start|crawling
2023-03-28 23:40:03,509|INFO|start|정치|23:40:02
2023-03-28 23:40:03,509|INFO|success|정치|1
2023-03-28 23:40:03,509|INFO|fail|정치|0
2023-03-28 23:40:05,757|INFO|start|경제|23:40:03
2023-03-28 23:40:05,757|INFO|success|경제|5
2023-03-28 23:40:05,757|INFO|fail|경제|0
2023-03-28 23:40:08,273|INFO|start|사회|23:40:05
2023-03-28 23:40:08,273|INFO|success|사회|8
2023-03-28 23:40:08,273|INFO|fail|사회|0
2023-03-28 23:40:08,468|INFO|start|생활/문화|23:40:08
2023-03-28 23:40:08,469|INFO|success|생활/문화|0
2023-03-28 23:40:08,469|INFO|fail|생활/문화|0
2023-03-28 23:40:10,025|ERROR|CRAWLING|IT/과학|게임/리뷰|'NoneType' object has no attribute 'text'
2023-03-28 23:40:10,226|INFO|start|IT/과학|23:40:08
2023-03-28 23:40:10,226|INFO|success|IT/과학|0
2023-03-28 23:40:10,227|INFO|fail|IT/과학|1
2023-03-28 23:40:10,227|INFO|start|tokenize
2023-03-28 23:40:15,834|INFO|finish|tokenize
2023-03-28 23:40:15,834|INFO|success|tokenize|14
2023-03-28 23:40:17,407|INFO|start|연예|23:40:15
2023-03-28 23:40:17,408|INFO|success|연예|7
2023-03-28 23:40:17,408|INFO|fail|연예|0
2023-03-28 23:40:17,408|INFO|start|tokenize
2023-03-28 23:40:17,641|INFO|finish|tokenize
2023-03-28 23:40:17,641|INFO|success|tokenize|7
2023-03-28 23:40:17,870|INFO|finish|crawling
2023-03-28 23:50:01,879|INFO|start|crawling
2023-03-28 23:50:03,954|INFO|start|정치|23:50:02
2023-03-28 23:50:03,955|INFO|success|정치|2
2023-03-28 23:50:03,955|INFO|fail|정치|0
2023-03-28 23:50:06,182|INFO|start|경제|23:50:03
2023-03-28 23:50:06,182|INFO|success|경제|5
2023-03-28 23:50:06,182|INFO|fail|경제|0
2023-03-28 23:50:08,891|INFO|start|사회|23:50:06
2023-03-28 23:50:08,891|INFO|success|사회|10
2023-03-28 23:50:08,891|INFO|fail|사회|0
2023-03-28 23:50:09,087|INFO|start|생활/문화|23:50:08
2023-03-28 23:50:09,088|INFO|success|생활/문화|0
2023-03-28 23:50:09,088|INFO|fail|생활/문화|0
2023-03-28 23:50:10,611|ERROR|CRAWLING|IT/과학|게임/리뷰|'NoneType' object has no attribute 'text'
2023-03-28 23:50:10,800|INFO|start|IT/과학|23:50:09
2023-03-28 23:50:10,800|INFO|success|IT/과학|0
2023-03-28 23:50:10,800|INFO|fail|IT/과학|1
2023-03-28 23:50:10,800|INFO|start|tokenize
2023-03-28 23:50:16,648|INFO|finish|tokenize
2023-03-28 23:50:16,648|INFO|success|tokenize|17
2023-03-28 23:50:17,877|INFO|start|연예|23:50:16
2023-03-28 23:50:17,877|INFO|success|연예|4
2023-03-28 23:50:17,877|INFO|fail|연예|0
2023-03-28 23:50:17,877|INFO|start|tokenize
2023-03-28 23:50:18,092|INFO|finish|tokenize
2023-03-28 23:50:18,092|INFO|success|tokenize|4
2023-03-28 23:50:18,259|INFO|finish|crawling
2023-03-29 00:00:01,268|INFO|start|crawling
2023-03-29 00:00:07,282|INFO|start|정치|00:00:01
2023-03-29 00:00:07,282|INFO|success|정치|3
2023-03-29 00:00:07,282|INFO|fail|정치|0
2023-03-29 00:00:11,989|INFO|start|경제|00:00:07
2023-03-29 00:00:11,989|INFO|success|경제|1
2023-03-29 00:00:11,989|INFO|fail|경제|0
2023-03-29 00:00:14,645|INFO|start|사회|00:00:11
2023-03-29 00:00:14,645|INFO|success|사회|9
2023-03-29 00:00:14,645|INFO|fail|사회|0
2023-03-29 00:00:15,016|INFO|start|생활/문화|00:00:14
2023-03-29 00:00:15,016|INFO|success|생활/문화|1
2023-03-29 00:00:15,016|INFO|fail|생활/문화|0
2023-03-29 00:00:16,622|ERROR|CRAWLING|IT/과학|게임/리뷰|'NoneType' object has no attribute 'text'
2023-03-29 00:00:16,816|INFO|start|IT/과학|00:00:15
2023-03-29 00:00:16,816|INFO|success|IT/과학|0
2023-03-29 00:00:16,816|INFO|fail|IT/과학|1
2023-03-29 00:00:16,816|INFO|start|tokenize
2023-03-29 00:00:22,661|INFO|finish|tokenize
2023-03-29 00:00:22,663|INFO|success|tokenize|14
2023-03-29 00:00:24,720|INFO|start|연예|00:00:22
2023-03-29 00:00:24,720|INFO|success|연예|10
2023-03-29 00:00:24,720|INFO|fail|연예|0
2023-03-29 00:00:24,720|INFO|start|tokenize
2023-03-29 00:00:25,125|INFO|finish|tokenize
2023-03-29 00:00:25,125|INFO|success|tokenize|10
2023-03-29 00:00:25,634|INFO|finish|crawling
2023-03-29 00:10:01,644|INFO|start|crawling
2023-03-29 00:10:05,897|INFO|start|정치|00:10:02
2023-03-29 00:10:05,897|INFO|success|정치|23
2023-03-29 00:10:05,897|INFO|fail|정치|0
2023-03-29 00:10:10,525|INFO|start|경제|00:10:05
2023-03-29 00:10:10,525|INFO|success|경제|27
2023-03-29 00:10:10,525|INFO|fail|경제|0
2023-03-29 00:10:17,839|INFO|start|사회|00:10:10
2023-03-29 00:10:17,839|INFO|success|사회|53
2023-03-29 00:10:17,839|INFO|fail|사회|0
2023-03-29 00:10:19,592|INFO|start|생활/문화|00:10:17
2023-03-29 00:10:19,592|INFO|success|생활/문화|14
2023-03-29 00:10:19,592|INFO|fail|생활/문화|0
2023-03-29 00:10:21,387|ERROR|CRAWLING|IT/과학|게임/리뷰|'NoneType' object has no attribute 'text'
2023-03-29 00:10:21,589|INFO|start|IT/과학|00:10:19
2023-03-29 00:10:21,589|INFO|success|IT/과학|2
2023-03-29 00:10:21,589|INFO|fail|IT/과학|1
2023-03-29 00:10:21,589|INFO|start|tokenize
2023-03-29 00:10:32,366|INFO|finish|tokenize
2023-03-29 00:10:32,366|INFO|success|tokenize|119
2023-03-29 00:10:33,901|INFO|start|연예|00:10:32
2023-03-29 00:10:33,901|INFO|success|연예|7
2023-03-29 00:10:33,902|INFO|fail|연예|0
2023-03-29 00:10:33,902|INFO|start|tokenize
2023-03-29 00:10:34,291|INFO|finish|tokenize
2023-03-29 00:10:34,291|INFO|success|tokenize|7
2023-03-29 00:10:34,513|INFO|finish|crawling
2023-03-29 00:20:01,527|INFO|start|crawling
2023-03-29 00:20:04,348|INFO|start|정치|00:20:02
2023-03-29 00:20:04,348|INFO|success|정치|9
2023-03-29 00:20:04,348|INFO|fail|정치|0
2023-03-29 00:20:06,438|INFO|start|경제|00:20:04
2023-03-29 00:20:06,439|INFO|success|경제|4
2023-03-29 00:20:06,439|INFO|fail|경제|0
2023-03-29 00:20:08,719|INFO|start|사회|00:20:06
2023-03-29 00:20:08,719|INFO|success|사회|6
2023-03-29 00:20:08,719|INFO|fail|사회|0
2023-03-29 00:20:08,908|INFO|start|생활/문화|00:20:08
2023-03-29 00:20:08,909|INFO|success|생활/문화|0
2023-03-29 00:20:08,909|INFO|fail|생활/문화|0
2023-03-29 00:20:10,518|INFO|start|IT/과학|00:20:08
2023-03-29 00:20:10,518|INFO|success|IT/과학|0
2023-03-29 00:20:10,518|INFO|fail|IT/과학|0
2023-03-29 00:20:10,518|INFO|start|tokenize
2023-03-29 00:20:17,095|INFO|finish|tokenize
2023-03-29 00:20:17,095|INFO|success|tokenize|19
2023-03-29 00:20:19,305|INFO|start|연예|00:20:17
2023-03-29 00:20:19,305|INFO|success|연예|8
2023-03-29 00:20:19,305|INFO|fail|연예|0
2023-03-29 00:20:19,305|INFO|start|tokenize
2023-03-29 00:20:19,580|INFO|finish|tokenize
2023-03-29 00:20:19,580|INFO|success|tokenize|8
2023-03-29 00:20:19,970|INFO|finish|crawling
2023-03-29 00:30:01,979|INFO|start|crawling
2023-03-29 00:30:04,025|INFO|start|정치|00:30:02
2023-03-29 00:30:04,025|INFO|success|정치|1
2023-03-29 00:30:04,025|INFO|fail|정치|0
2023-03-29 00:30:05,885|INFO|start|경제|00:30:04
2023-03-29 00:30:05,885|INFO|success|경제|1
2023-03-29 00:30:05,885|INFO|fail|경제|0
2023-03-29 00:30:07,685|INFO|start|사회|00:30:05
2023-03-29 00:30:07,685|INFO|success|사회|1
2023-03-29 00:30:07,685|INFO|fail|사회|0
2023-03-29 00:30:07,948|INFO|start|생활/문화|00:30:07
2023-03-29 00:30:07,948|INFO|success|생활/문화|0
2023-03-29 00:30:07,948|INFO|fail|생활/문화|0
2023-03-29 00:30:09,567|INFO|start|IT/과학|00:30:07
2023-03-29 00:30:09,567|INFO|success|IT/과학|0
2023-03-29 00:30:09,567|INFO|fail|IT/과학|0
2023-03-29 00:30:09,567|INFO|start|tokenize
2023-03-29 00:30:14,818|INFO|finish|tokenize
2023-03-29 00:30:14,818|INFO|success|tokenize|3
2023-03-29 00:30:15,852|INFO|start|연예|00:30:14
2023-03-29 00:30:15,852|INFO|success|연예|3
2023-03-29 00:30:15,852|INFO|fail|연예|0
2023-03-29 00:30:15,852|INFO|start|tokenize
2023-03-29 00:30:16,186|INFO|finish|tokenize
2023-03-29 00:30:16,186|INFO|success|tokenize|3
2023-03-29 00:30:16,371|INFO|finish|crawling
2023-03-29 00:40:01,380|INFO|start|crawling
2023-03-29 00:40:03,442|INFO|start|정치|00:40:02
2023-03-29 00:40:03,442|INFO|success|정치|2
2023-03-29 00:40:03,442|INFO|fail|정치|0
2023-03-29 00:40:05,419|INFO|start|경제|00:40:03
2023-03-29 00:40:05,420|INFO|success|경제|3
2023-03-29 00:40:05,420|INFO|fail|경제|0
2023-03-29 00:40:07,110|INFO|start|사회|00:40:05
2023-03-29 00:40:07,110|INFO|success|사회|1
2023-03-29 00:40:07,110|INFO|fail|사회|0
2023-03-29 00:40:07,313|INFO|start|생활/문화|00:40:07
2023-03-29 00:40:07,314|INFO|success|생활/문화|0
2023-03-29 00:40:07,314|INFO|fail|생활/문화|0
2023-03-29 00:40:08,872|INFO|start|IT/과학|00:40:07
2023-03-29 00:40:08,872|INFO|success|IT/과학|0
2023-03-29 00:40:08,872|INFO|fail|IT/과학|0
2023-03-29 00:40:08,872|INFO|start|tokenize
2023-03-29 00:40:14,452|INFO|finish|tokenize
2023-03-29 00:40:14,452|INFO|success|tokenize|6
2023-03-29 00:40:17,019|INFO|start|연예|00:40:14
2023-03-29 00:40:17,019|INFO|success|연예|6
2023-03-29 00:40:17,019|INFO|fail|연예|0
2023-03-29 00:40:17,019|INFO|start|tokenize
2023-03-29 00:40:17,477|INFO|finish|tokenize
2023-03-29 00:40:17,477|INFO|success|tokenize|6
2023-03-29 00:40:17,699|INFO|finish|crawling
2023-03-29 00:50:01,708|INFO|start|crawling
2023-03-29 00:50:03,677|INFO|start|정치|00:50:02
2023-03-29 00:50:03,677|INFO|success|정치|0
2023-03-29 00:50:03,677|INFO|fail|정치|0
2023-03-29 00:50:05,660|INFO|start|경제|00:50:03
2023-03-29 00:50:05,660|INFO|success|경제|2
2023-03-29 00:50:05,661|INFO|fail|경제|0
2023-03-29 00:50:07,405|INFO|start|사회|00:50:05
2023-03-29 00:50:07,405|INFO|success|사회|0
2023-03-29 00:50:07,405|INFO|fail|사회|0
2023-03-29 00:50:07,838|INFO|start|생활/문화|00:50:07
2023-03-29 00:50:07,838|INFO|success|생활/문화|1
2023-03-29 00:50:07,838|INFO|fail|생활/문화|0
2023-03-29 00:50:09,642|INFO|start|IT/과학|00:50:07
2023-03-29 00:50:09,642|INFO|success|IT/과학|0
2023-03-29 00:50:09,642|INFO|fail|IT/과학|0
2023-03-29 00:50:09,642|INFO|start|tokenize
2023-03-29 00:50:15,008|INFO|finish|tokenize
2023-03-29 00:50:15,008|INFO|success|tokenize|3
2023-03-29 00:50:15,844|INFO|start|연예|00:50:15
2023-03-29 00:50:15,844|INFO|success|연예|1
2023-03-29 00:50:15,844|INFO|fail|연예|0
2023-03-29 00:50:15,844|INFO|start|tokenize
2023-03-29 00:50:16,031|INFO|finish|tokenize
2023-03-29 00:50:16,031|INFO|success|tokenize|1
2023-03-29 00:50:16,522|INFO|finish|crawling
2023-03-29 01:00:01,531|INFO|start|crawling
2023-03-29 01:00:05,298|INFO|start|정치|01:00:02
2023-03-29 01:00:05,298|INFO|success|정치|1
2023-03-29 01:00:05,298|INFO|fail|정치|0
2023-03-29 01:00:07,191|INFO|start|경제|01:00:05
2023-03-29 01:00:07,191|INFO|success|경제|1
2023-03-29 01:00:07,191|INFO|fail|경제|0
2023-03-29 01:00:08,955|INFO|start|사회|01:00:07
2023-03-29 01:00:08,956|INFO|success|사회|1
2023-03-29 01:00:08,956|INFO|fail|사회|0
2023-03-29 01:00:09,206|INFO|start|생활/문화|01:00:08
2023-03-29 01:00:09,206|INFO|success|생활/문화|0
2023-03-29 01:00:09,206|INFO|fail|생활/문화|0
2023-03-29 01:00:10,839|INFO|start|IT/과학|01:00:09
2023-03-29 01:00:10,839|INFO|success|IT/과학|0
2023-03-29 01:00:10,839|INFO|fail|IT/과학|0
2023-03-29 01:00:10,839|INFO|start|tokenize
2023-03-29 01:00:15,935|INFO|finish|tokenize
2023-03-29 01:00:15,935|INFO|success|tokenize|3
2023-03-29 01:00:17,146|INFO|start|연예|01:00:15
2023-03-29 01:00:17,146|INFO|success|연예|1
2023-03-29 01:00:17,146|INFO|fail|연예|0
2023-03-29 01:00:17,146|INFO|start|tokenize
2023-03-29 01:00:17,277|INFO|finish|tokenize
2023-03-29 01:00:17,277|INFO|success|tokenize|1
2023-03-29 01:00:17,522|INFO|finish|crawling
2023-03-29 01:10:01,536|INFO|start|crawling
2023-03-29 01:10:04,007|INFO|start|정치|01:10:02
2023-03-29 01:10:04,007|INFO|success|정치|4
2023-03-29 01:10:04,007|INFO|fail|정치|0
2023-03-29 01:10:07,568|INFO|start|경제|01:10:04
2023-03-29 01:10:07,568|INFO|success|경제|17
2023-03-29 01:10:07,568|INFO|fail|경제|0
2023-03-29 01:10:11,618|INFO|start|사회|01:10:07
2023-03-29 01:10:11,618|INFO|success|사회|21
2023-03-29 01:10:11,618|INFO|fail|사회|0
2023-03-29 01:10:12,018|INFO|start|생활/문화|01:10:11
2023-03-29 01:10:12,018|INFO|success|생활/문화|2
2023-03-29 01:10:12,018|INFO|fail|생활/문화|0
2023-03-29 01:10:13,714|INFO|start|IT/과학|01:10:12
2023-03-29 01:10:13,714|INFO|success|IT/과학|1
2023-03-29 01:10:13,714|INFO|fail|IT/과학|0
2023-03-29 01:10:13,714|INFO|start|tokenize
2023-03-29 01:10:20,864|INFO|finish|tokenize
2023-03-29 01:10:20,864|INFO|success|tokenize|45
2023-03-29 01:10:21,726|INFO|start|연예|01:10:20
2023-03-29 01:10:21,726|INFO|success|연예|1
2023-03-29 01:10:21,726|INFO|fail|연예|0
2023-03-29 01:10:21,727|INFO|start|tokenize
2023-03-29 01:10:21,807|INFO|finish|tokenize
2023-03-29 01:10:21,807|INFO|success|tokenize|1
2023-03-29 01:10:22,407|INFO|finish|crawling
2023-03-29 01:20:01,421|INFO|start|crawling
2023-03-29 01:20:03,462|INFO|start|정치|01:20:02
2023-03-29 01:20:03,462|INFO|success|정치|1
2023-03-29 01:20:03,462|INFO|fail|정치|0
2023-03-29 01:20:05,323|INFO|start|경제|01:20:03
2023-03-29 01:20:05,323|INFO|success|경제|2
2023-03-29 01:20:05,323|INFO|fail|경제|0
2023-03-29 01:20:07,090|INFO|start|사회|01:20:05
2023-03-29 01:20:07,090|INFO|success|사회|1
2023-03-29 01:20:07,090|INFO|fail|사회|0
2023-03-29 01:20:07,281|INFO|start|생활/문화|01:20:07
2023-03-29 01:20:07,281|INFO|success|생활/문화|0
2023-03-29 01:20:07,281|INFO|fail|생활/문화|0
2023-03-29 01:20:08,888|INFO|start|IT/과학|01:20:07
2023-03-29 01:20:08,889|INFO|success|IT/과학|0
2023-03-29 01:20:08,889|INFO|fail|IT/과학|0
2023-03-29 01:20:08,889|INFO|start|tokenize
2023-03-29 01:20:13,824|INFO|finish|tokenize
2023-03-29 01:20:13,824|INFO|success|tokenize|4
2023-03-29 01:20:14,800|INFO|start|연예|01:20:13
2023-03-29 01:20:14,800|INFO|success|연예|1
2023-03-29 01:20:14,800|INFO|fail|연예|0
2023-03-29 01:20:14,800|INFO|start|tokenize
2023-03-29 01:20:14,913|INFO|finish|tokenize
2023-03-29 01:20:14,913|INFO|success|tokenize|1
2023-03-29 01:20:15,243|INFO|finish|crawling
2023-03-29 01:30:01,252|INFO|start|crawling
2023-03-29 01:30:03,167|INFO|start|정치|01:30:01
2023-03-29 01:30:03,167|INFO|success|정치|0
2023-03-29 01:30:03,167|INFO|fail|정치|0
2023-03-29 01:30:04,859|INFO|start|경제|01:30:03
2023-03-29 01:30:04,859|INFO|success|경제|0
2023-03-29 01:30:04,859|INFO|fail|경제|0
2023-03-29 01:30:06,544|INFO|start|사회|01:30:04
2023-03-29 01:30:06,544|INFO|success|사회|0
2023-03-29 01:30:06,544|INFO|fail|사회|0
2023-03-29 01:30:06,737|INFO|start|생활/문화|01:30:06
2023-03-29 01:30:06,737|INFO|success|생활/문화|0
2023-03-29 01:30:06,737|INFO|fail|생활/문화|0
2023-03-29 01:30:08,343|INFO|start|IT/과학|01:30:06
2023-03-29 01:30:08,343|INFO|success|IT/과학|0
2023-03-29 01:30:08,343|INFO|fail|IT/과학|0
2023-03-29 01:30:09,199|INFO|start|연예|01:30:08
2023-03-29 01:30:09,199|INFO|success|연예|1
2023-03-29 01:30:09,200|INFO|fail|연예|0
2023-03-29 01:30:09,200|INFO|start|tokenize
2023-03-29 01:30:13,957|INFO|finish|tokenize
2023-03-29 01:30:13,957|INFO|success|tokenize|1
2023-03-29 01:30:14,567|INFO|finish|crawling
2023-03-29 01:40:01,576|INFO|start|crawling
2023-03-29 01:40:03,469|INFO|start|정치|01:40:02
2023-03-29 01:40:03,469|INFO|success|정치|0
2023-03-29 01:40:03,469|INFO|fail|정치|0
2023-03-29 01:40:05,462|INFO|start|경제|01:40:03
2023-03-29 01:40:05,463|INFO|success|경제|3
2023-03-29 01:40:05,463|INFO|fail|경제|0
2023-03-29 01:40:07,059|INFO|start|사회|01:40:05
2023-03-29 01:40:07,059|INFO|success|사회|0
2023-03-29 01:40:07,059|INFO|fail|사회|0
2023-03-29 01:40:07,305|INFO|start|생활/문화|01:40:07
2023-03-29 01:40:07,305|INFO|success|생활/문화|0
2023-03-29 01:40:07,305|INFO|fail|생활/문화|0
2023-03-29 01:40:08,969|INFO|start|IT/과학|01:40:07
2023-03-29 01:40:08,969|INFO|success|IT/과학|0
2023-03-29 01:40:08,969|INFO|fail|IT/과학|0
2023-03-29 01:40:08,969|INFO|start|tokenize
2023-03-29 01:40:13,845|INFO|finish|tokenize
2023-03-29 01:40:13,845|INFO|success|tokenize|3
2023-03-29 01:40:15,011|INFO|start|연예|01:40:13
2023-03-29 01:40:15,011|INFO|success|연예|1
2023-03-29 01:40:15,011|INFO|fail|연예|0
2023-03-29 01:40:15,011|INFO|start|tokenize
2023-03-29 01:40:15,135|INFO|finish|tokenize
2023-03-29 01:40:15,135|INFO|success|tokenize|1
2023-03-29 01:40:15,590|INFO|finish|crawling
2023-03-29 01:50:01,599|INFO|start|crawling
2023-03-29 01:50:03,634|INFO|start|정치|01:50:02
2023-03-29 01:50:03,634|INFO|success|정치|1
2023-03-29 01:50:03,634|INFO|fail|정치|0
2023-03-29 01:50:05,411|INFO|start|경제|01:50:03
2023-03-29 01:50:05,411|INFO|success|경제|0
2023-03-29 01:50:05,411|INFO|fail|경제|0
2023-03-29 01:50:07,110|INFO|start|사회|01:50:05
2023-03-29 01:50:07,110|INFO|success|사회|0
2023-03-29 01:50:07,110|INFO|fail|사회|0
2023-03-29 01:50:07,322|INFO|start|생활/문화|01:50:07
2023-03-29 01:50:07,322|INFO|success|생활/문화|0
2023-03-29 01:50:07,322|INFO|fail|생활/문화|0
2023-03-29 01:50:09,123|INFO|start|IT/과학|01:50:07
2023-03-29 01:50:09,123|INFO|success|IT/과학|1
2023-03-29 01:50:09,123|INFO|fail|IT/과학|0
2023-03-29 01:50:09,123|INFO|start|tokenize
2023-03-29 01:50:14,013|INFO|finish|tokenize
2023-03-29 01:50:14,013|INFO|success|tokenize|2
2023-03-29 01:50:16,083|INFO|start|연예|01:50:14
2023-03-29 01:50:16,083|INFO|success|연예|0
2023-03-29 01:50:16,083|INFO|fail|연예|0
2023-03-29 01:50:16,426|INFO|finish|crawling
2023-03-29 02:00:01,435|INFO|start|crawling
2023-03-29 02:00:03,873|INFO|start|정치|02:00:02
2023-03-29 02:00:03,874|INFO|success|정치|4
2023-03-29 02:00:03,874|INFO|fail|정치|0
2023-03-29 02:00:05,788|INFO|start|경제|02:00:03
2023-03-29 02:00:05,788|INFO|success|경제|2
2023-03-29 02:00:05,788|INFO|fail|경제|0
2023-03-29 02:00:07,523|INFO|start|사회|02:00:05
2023-03-29 02:00:07,523|INFO|success|사회|1
2023-03-29 02:00:07,523|INFO|fail|사회|0
2023-03-29 02:00:07,725|INFO|start|생활/문화|02:00:07
2023-03-29 02:00:07,725|INFO|success|생활/문화|0
2023-03-29 02:00:07,725|INFO|fail|생활/문화|0
2023-03-29 02:00:09,386|INFO|start|IT/과학|02:00:07
2023-03-29 02:00:09,386|INFO|success|IT/과학|0
2023-03-29 02:00:09,386|INFO|fail|IT/과학|0
2023-03-29 02:00:09,386|INFO|start|tokenize
2023-03-29 02:00:14,712|INFO|finish|tokenize
2023-03-29 02:00:14,712|INFO|success|tokenize|7
2023-03-29 02:00:15,449|INFO|start|연예|02:00:14
2023-03-29 02:00:15,449|INFO|success|연예|0
2023-03-29 02:00:15,449|INFO|fail|연예|0
2023-03-29 02:00:15,743|INFO|finish|crawling
2023-03-29 02:10:01,752|INFO|start|crawling
2023-03-29 02:10:04,156|INFO|start|정치|02:10:02
2023-03-29 02:10:04,156|INFO|success|정치|0
2023-03-29 02:10:04,156|INFO|fail|정치|0
2023-03-29 02:10:06,008|INFO|start|경제|02:10:04
2023-03-29 02:10:06,008|INFO|success|경제|1
2023-03-29 02:10:06,008|INFO|fail|경제|0
2023-03-29 02:10:07,718|INFO|start|사회|02:10:06
2023-03-29 02:10:07,718|INFO|success|사회|0
2023-03-29 02:10:07,718|INFO|fail|사회|0
2023-03-29 02:10:07,921|INFO|start|생활/문화|02:10:07
2023-03-29 02:10:07,921|INFO|success|생활/문화|0
2023-03-29 02:10:07,921|INFO|fail|생활/문화|0
2023-03-29 02:10:09,575|INFO|start|IT/과학|02:10:07
2023-03-29 02:10:09,575|INFO|success|IT/과학|0
2023-03-29 02:10:09,575|INFO|fail|IT/과학|0
2023-03-29 02:10:09,575|INFO|start|tokenize
2023-03-29 02:10:14,347|INFO|finish|tokenize
2023-03-29 02:10:14,347|INFO|success|tokenize|1
2023-03-29 02:10:15,090|INFO|start|연예|02:10:14
2023-03-29 02:10:15,090|INFO|success|연예|0
2023-03-29 02:10:15,090|INFO|fail|연예|0
2023-03-29 02:10:15,321|INFO|finish|crawling
2023-03-29 02:20:01,335|INFO|start|crawling
2023-03-29 02:20:03,244|INFO|start|정치|02:20:01
2023-03-29 02:20:03,244|INFO|success|정치|0
2023-03-29 02:20:03,244|INFO|fail|정치|0
2023-03-29 02:20:06,708|INFO|start|경제|02:20:03
2023-03-29 02:20:06,708|INFO|success|경제|0
2023-03-29 02:20:06,709|INFO|fail|경제|0
2023-03-29 02:20:08,405|INFO|start|사회|02:20:06
2023-03-29 02:20:08,405|INFO|success|사회|0
2023-03-29 02:20:08,405|INFO|fail|사회|0
2023-03-29 02:20:08,597|INFO|start|생활/문화|02:20:08
2023-03-29 02:20:08,597|INFO|success|생활/문화|0
2023-03-29 02:20:08,597|INFO|fail|생활/문화|0
2023-03-29 02:20:10,220|INFO|start|IT/과학|02:20:08
2023-03-29 02:20:10,220|INFO|success|IT/과학|0
2023-03-29 02:20:10,220|INFO|fail|IT/과학|0
2023-03-29 02:20:11,030|INFO|start|연예|02:20:10
2023-03-29 02:20:11,030|INFO|success|연예|0
2023-03-29 02:20:11,030|INFO|fail|연예|0
2023-03-29 02:20:11,603|INFO|finish|crawling
2023-03-29 02:30:01,611|INFO|start|crawling
2023-03-29 02:30:03,527|INFO|start|정치|02:30:02
2023-03-29 02:30:03,527|INFO|success|정치|0
2023-03-29 02:30:03,527|INFO|fail|정치|0
2023-03-29 02:30:05,210|INFO|start|경제|02:30:03
2023-03-29 02:30:05,210|INFO|success|경제|0
2023-03-29 02:30:05,210|INFO|fail|경제|0
2023-03-29 02:30:06,838|INFO|start|사회|02:30:05
2023-03-29 02:30:06,838|INFO|success|사회|0
2023-03-29 02:30:06,838|INFO|fail|사회|0
2023-03-29 02:30:07,055|INFO|start|생활/문화|02:30:06
2023-03-29 02:30:07,055|INFO|success|생활/문화|0
2023-03-29 02:30:07,055|INFO|fail|생활/문화|0
2023-03-29 02:30:08,735|INFO|start|IT/과학|02:30:07
2023-03-29 02:30:08,735|INFO|success|IT/과학|0
2023-03-29 02:30:08,735|INFO|fail|IT/과학|0
2023-03-29 02:30:09,618|INFO|start|연예|02:30:08
2023-03-29 02:30:09,618|INFO|success|연예|1
2023-03-29 02:30:09,618|INFO|fail|연예|0
2023-03-29 02:30:09,618|INFO|start|tokenize
2023-03-29 02:30:14,214|INFO|finish|tokenize
2023-03-29 02:30:14,214|INFO|success|tokenize|1
2023-03-29 02:30:14,403|INFO|finish|crawling
2023-03-29 02:40:01,412|INFO|start|crawling
2023-03-29 02:40:03,453|INFO|start|정치|02:40:02
2023-03-29 02:40:03,453|INFO|success|정치|0
2023-03-29 02:40:03,453|INFO|fail|정치|0
2023-03-29 02:40:05,153|INFO|start|경제|02:40:03
2023-03-29 02:40:05,154|INFO|success|경제|0
2023-03-29 02:40:05,154|INFO|fail|경제|0
2023-03-29 02:40:06,837|INFO|start|사회|02:40:05
2023-03-29 02:40:06,837|INFO|success|사회|0
2023-03-29 02:40:06,837|INFO|fail|사회|0
2023-03-29 02:40:07,048|INFO|start|생활/문화|02:40:06
2023-03-29 02:40:07,048|INFO|success|생활/문화|0
2023-03-29 02:40:07,048|INFO|fail|생활/문화|0
2023-03-29 02:40:08,736|INFO|start|IT/과학|02:40:07
2023-03-29 02:40:08,736|INFO|success|IT/과학|0
2023-03-29 02:40:08,737|INFO|fail|IT/과학|0
2023-03-29 02:40:09,587|INFO|start|연예|02:40:08
2023-03-29 02:40:09,587|INFO|success|연예|1
2023-03-29 02:40:09,587|INFO|fail|연예|0
2023-03-29 02:40:09,587|INFO|start|tokenize
2023-03-29 02:40:14,173|INFO|finish|tokenize
2023-03-29 02:40:14,173|INFO|success|tokenize|1
2023-03-29 02:40:14,728|INFO|finish|crawling
2023-03-29 02:50:01,736|INFO|start|crawling
2023-03-29 02:50:03,697|INFO|start|정치|02:50:02
2023-03-29 02:50:03,697|INFO|success|정치|0
2023-03-29 02:50:03,698|INFO|fail|정치|0
2023-03-29 02:50:05,807|INFO|start|경제|02:50:03
2023-03-29 02:50:05,807|INFO|success|경제|3
2023-03-29 02:50:05,807|INFO|fail|경제|0
2023-03-29 02:50:07,479|INFO|start|사회|02:50:05
2023-03-29 02:50:07,479|INFO|success|사회|0
2023-03-29 02:50:07,479|INFO|fail|사회|0
2023-03-29 02:50:07,727|INFO|start|생활/문화|02:50:07
2023-03-29 02:50:07,728|INFO|success|생활/문화|0
2023-03-29 02:50:07,728|INFO|fail|생활/문화|0
2023-03-29 02:50:09,389|INFO|start|IT/과학|02:50:07
2023-03-29 02:50:09,389|INFO|success|IT/과학|0
2023-03-29 02:50:09,389|INFO|fail|IT/과학|0
2023-03-29 02:50:09,389|INFO|start|tokenize
2023-03-29 02:50:14,500|INFO|finish|tokenize
2023-03-29 02:50:14,500|INFO|success|tokenize|3
2023-03-29 02:50:15,245|INFO|start|연예|02:50:14
2023-03-29 02:50:15,245|INFO|success|연예|0
2023-03-29 02:50:15,246|INFO|fail|연예|0
2023-03-29 02:50:15,624|INFO|finish|crawling
2023-03-29 03:00:01,633|INFO|start|crawling
2023-03-29 03:00:03,809|INFO|start|정치|03:00:02
2023-03-29 03:00:03,809|INFO|success|정치|2
2023-03-29 03:00:03,809|INFO|fail|정치|0
2023-03-29 03:00:05,478|INFO|start|경제|03:00:03
2023-03-29 03:00:05,478|INFO|success|경제|0
2023-03-29 03:00:05,478|INFO|fail|경제|0
2023-03-29 03:00:07,107|INFO|start|사회|03:00:05
2023-03-29 03:00:07,107|INFO|success|사회|0
2023-03-29 03:00:07,107|INFO|fail|사회|0
2023-03-29 03:00:07,307|INFO|start|생활/문화|03:00:07
2023-03-29 03:00:07,307|INFO|success|생활/문화|0
2023-03-29 03:00:07,308|INFO|fail|생활/문화|0
2023-03-29 03:00:08,981|INFO|start|IT/과학|03:00:07
2023-03-29 03:00:08,981|INFO|success|IT/과학|0
2023-03-29 03:00:08,981|INFO|fail|IT/과학|0
2023-03-29 03:00:08,981|INFO|start|tokenize
2023-03-29 03:00:14,302|INFO|finish|tokenize
2023-03-29 03:00:14,302|INFO|success|tokenize|2
2023-03-29 03:00:15,286|INFO|start|연예|03:00:14
2023-03-29 03:00:15,286|INFO|success|연예|0
2023-03-29 03:00:15,286|INFO|fail|연예|0
2023-03-29 03:00:15,441|INFO|finish|crawling
2023-03-29 03:10:01,450|INFO|start|crawling
2023-03-29 03:10:07,766|INFO|start|정치|03:10:02
2023-03-29 03:10:07,766|INFO|success|정치|40
2023-03-29 03:10:07,767|INFO|fail|정치|0
2023-03-29 03:10:15,807|INFO|start|경제|03:10:07
2023-03-29 03:10:15,807|INFO|success|경제|56
2023-03-29 03:10:15,808|INFO|fail|경제|0
2023-03-29 03:10:20,287|ERROR|CRAWLING|사회|지역|'NoneType' object has no attribute 'text'
2023-03-29 03:10:21,217|ERROR|CRAWLING|사회|지역|'NoneType' object has no attribute 'text'
2023-03-29 03:10:21,393|ERROR|CRAWLING|사회|지역|'NoneType' object has no attribute 'text'
2023-03-29 03:10:21,612|ERROR|CRAWLING|사회|지역|'NoneType' object has no attribute 'text'
2023-03-29 03:10:27,438|INFO|start|사회|03:10:15
2023-03-29 03:10:27,438|INFO|success|사회|83
2023-03-29 03:10:27,438|INFO|fail|사회|4
2023-03-29 03:10:29,889|INFO|start|생활/문화|03:10:27
2023-03-29 03:10:29,889|INFO|success|생활/문화|20
2023-03-29 03:10:29,889|INFO|fail|생활/문화|0
2023-03-29 03:10:33,901|INFO|start|IT/과학|03:10:29
2023-03-29 03:10:33,901|INFO|success|IT/과학|21
2023-03-29 03:10:33,901|INFO|fail|IT/과학|0
2023-03-29 03:10:33,901|INFO|start|tokenize
2023-03-29 03:10:50,124|INFO|finish|tokenize
2023-03-29 03:10:50,124|INFO|success|tokenize|220
2023-03-29 03:10:51,059|INFO|start|연예|03:10:50
2023-03-29 03:10:51,059|INFO|success|연예|2
2023-03-29 03:10:51,059|INFO|fail|연예|0
2023-03-29 03:10:51,059|INFO|start|tokenize
2023-03-29 03:10:51,155|INFO|finish|tokenize
2023-03-29 03:10:51,156|INFO|success|tokenize|2
2023-03-29 03:10:51,413|INFO|finish|crawling
2023-03-29 03:20:01,428|INFO|start|crawling
2023-03-29 03:20:03,862|INFO|start|정치|03:20:02
2023-03-29 03:20:03,862|INFO|success|정치|4
2023-03-29 03:20:03,862|INFO|fail|정치|0
2023-03-29 03:20:05,894|INFO|start|경제|03:20:03
2023-03-29 03:20:05,894|INFO|success|경제|2
2023-03-29 03:20:05,894|INFO|fail|경제|0
2023-03-29 03:20:07,663|INFO|start|사회|03:20:05
2023-03-29 03:20:07,664|INFO|success|사회|1
2023-03-29 03:20:07,664|INFO|fail|사회|0
2023-03-29 03:20:07,866|INFO|start|생활/문화|03:20:07
2023-03-29 03:20:07,867|INFO|success|생활/문화|0
2023-03-29 03:20:07,867|INFO|fail|생활/문화|0
2023-03-29 03:20:09,663|INFO|start|IT/과학|03:20:07
2023-03-29 03:20:09,663|INFO|success|IT/과학|0
2023-03-29 03:20:09,663|INFO|fail|IT/과학|0
2023-03-29 03:20:09,663|INFO|start|tokenize
2023-03-29 03:20:15,289|INFO|finish|tokenize
2023-03-29 03:20:15,290|INFO|success|tokenize|7
2023-03-29 03:20:16,163|INFO|start|연예|03:20:15
2023-03-29 03:20:16,163|INFO|success|연예|0
2023-03-29 03:20:16,163|INFO|fail|연예|0
2023-03-29 03:20:16,766|INFO|finish|crawling
2023-03-29 03:30:01,774|INFO|start|crawling
2023-03-29 03:30:04,039|INFO|start|정치|03:30:02
2023-03-29 03:30:04,040|INFO|success|정치|2
2023-03-29 03:30:04,040|INFO|fail|정치|0
2023-03-29 03:30:06,021|INFO|start|경제|03:30:04
2023-03-29 03:30:06,021|INFO|success|경제|1
2023-03-29 03:30:06,022|INFO|fail|경제|0
2023-03-29 03:30:07,721|INFO|start|사회|03:30:06
2023-03-29 03:30:07,721|INFO|success|사회|0
2023-03-29 03:30:07,722|INFO|fail|사회|0
2023-03-29 03:30:07,972|INFO|start|생활/문화|03:30:07
2023-03-29 03:30:07,972|INFO|success|생활/문화|0
2023-03-29 03:30:07,972|INFO|fail|생활/문화|0
2023-03-29 03:30:09,612|INFO|start|IT/과학|03:30:07
2023-03-29 03:30:09,612|INFO|success|IT/과학|0
2023-03-29 03:30:09,612|INFO|fail|IT/과학|0
2023-03-29 03:30:09,613|INFO|start|tokenize
2023-03-29 03:30:14,593|INFO|finish|tokenize
2023-03-29 03:30:14,594|INFO|success|tokenize|3
2023-03-29 03:30:15,676|INFO|start|연예|03:30:14
2023-03-29 03:30:15,676|INFO|success|연예|0
2023-03-29 03:30:15,676|INFO|fail|연예|0
2023-03-29 03:30:16,093|INFO|finish|crawling
2023-03-29 03:40:01,102|INFO|start|crawling
2023-03-29 03:40:03,730|INFO|start|정치|03:40:01
2023-03-29 03:40:03,730|INFO|success|정치|6
2023-03-29 03:40:03,730|INFO|fail|정치|0
2023-03-29 03:40:05,683|INFO|start|경제|03:40:03
2023-03-29 03:40:05,683|INFO|success|경제|2
2023-03-29 03:40:05,683|INFO|fail|경제|0
2023-03-29 03:40:08,189|INFO|start|사회|03:40:05
2023-03-29 03:40:08,189|INFO|success|사회|7
2023-03-29 03:40:08,189|INFO|fail|사회|0
2023-03-29 03:40:08,508|INFO|start|생활/문화|03:40:08
2023-03-29 03:40:08,508|INFO|success|생활/문화|1
2023-03-29 03:40:08,508|INFO|fail|생활/문화|0
2023-03-29 03:40:09,346|ERROR|CRAWLING|IT/과학|IT 일반|'NoneType' object has no attribute 'text'
2023-03-29 03:40:10,215|INFO|start|IT/과학|03:40:08
2023-03-29 03:40:10,215|INFO|success|IT/과학|0
2023-03-29 03:40:10,215|INFO|fail|IT/과학|1
2023-03-29 03:40:10,215|INFO|start|tokenize
2023-03-29 03:40:16,361|INFO|finish|tokenize
2023-03-29 03:40:16,361|INFO|success|tokenize|16
2023-03-29 03:40:17,288|INFO|start|연예|03:40:16
2023-03-29 03:40:17,288|INFO|success|연예|2
2023-03-29 03:40:17,288|INFO|fail|연예|0
2023-03-29 03:40:17,288|INFO|start|tokenize
2023-03-29 03:40:17,404|INFO|finish|tokenize
2023-03-29 03:40:17,404|INFO|success|tokenize|2
2023-03-29 03:40:17,921|INFO|finish|crawling
2023-03-29 03:50:01,930|INFO|start|crawling
2023-03-29 03:50:04,188|INFO|start|정치|03:50:02
2023-03-29 03:50:04,188|INFO|success|정치|3
2023-03-29 03:50:04,188|INFO|fail|정치|0
2023-03-29 03:50:06,491|INFO|start|경제|03:50:04
2023-03-29 03:50:06,491|INFO|success|경제|5
2023-03-29 03:50:06,491|INFO|fail|경제|0
2023-03-29 03:50:06,735|ERROR|CRAWLING|사회|사건사고|'NoneType' object has no attribute 'text'
2023-03-29 03:50:08,675|INFO|start|사회|03:50:06
2023-03-29 03:50:08,675|INFO|success|사회|4
2023-03-29 03:50:08,675|INFO|fail|사회|1
2023-03-29 03:50:08,878|INFO|start|생활/문화|03:50:08
2023-03-29 03:50:08,878|INFO|success|생활/문화|0
2023-03-29 03:50:08,878|INFO|fail|생활/문화|0
2023-03-29 03:50:10,748|INFO|start|IT/과학|03:50:08
2023-03-29 03:50:10,748|INFO|success|IT/과학|1
2023-03-29 03:50:10,748|INFO|fail|IT/과학|0
2023-03-29 03:50:10,749|INFO|start|tokenize
2023-03-29 03:50:17,013|INFO|finish|tokenize
2023-03-29 03:50:17,013|INFO|success|tokenize|13
2023-03-29 03:50:17,771|INFO|start|연예|03:50:17
2023-03-29 03:50:17,771|INFO|success|연예|0
2023-03-29 03:50:17,771|INFO|fail|연예|0
2023-03-29 03:50:17,974|INFO|finish|crawling
2023-03-29 04:00:01,983|INFO|start|crawling
2023-03-29 04:00:04,070|INFO|start|정치|04:00:02
2023-03-29 04:00:04,070|INFO|success|정치|2
2023-03-29 04:00:04,070|INFO|fail|정치|0
2023-03-29 04:00:06,033|INFO|start|경제|04:00:04
2023-03-29 04:00:06,033|INFO|success|경제|2
2023-03-29 04:00:06,033|INFO|fail|경제|0
2023-03-29 04:00:08,030|INFO|start|사회|04:00:06
2023-03-29 04:00:08,030|INFO|success|사회|4
2023-03-29 04:00:08,030|INFO|fail|사회|0
2023-03-29 04:00:08,222|INFO|start|생활/문화|04:00:08
2023-03-29 04:00:08,223|INFO|success|생활/문화|0
2023-03-29 04:00:08,223|INFO|fail|생활/문화|0
2023-03-29 04:00:09,796|INFO|start|IT/과학|04:00:08
2023-03-29 04:00:09,797|INFO|success|IT/과학|0
2023-03-29 04:00:09,797|INFO|fail|IT/과학|0
2023-03-29 04:00:09,797|INFO|start|tokenize
2023-03-29 04:00:15,093|INFO|finish|tokenize
2023-03-29 04:00:15,093|INFO|success|tokenize|8
2023-03-29 04:00:16,487|INFO|start|연예|04:00:15
2023-03-29 04:00:16,487|INFO|success|연예|1
2023-03-29 04:00:16,487|INFO|fail|연예|0
2023-03-29 04:00:16,487|INFO|start|tokenize
2023-03-29 04:00:16,587|INFO|finish|tokenize
2023-03-29 04:00:16,587|INFO|success|tokenize|1
2023-03-29 04:00:16,943|INFO|finish|crawling
2023-03-29 04:10:01,952|INFO|start|crawling
2023-03-29 04:10:04,837|INFO|start|정치|04:10:02
2023-03-29 04:10:04,837|INFO|success|정치|10
2023-03-29 04:10:04,837|INFO|fail|정치|0
2023-03-29 04:10:10,462|INFO|start|경제|04:10:04
2023-03-29 04:10:10,463|INFO|success|경제|33
2023-03-29 04:10:10,463|INFO|fail|경제|0
2023-03-29 04:10:15,655|INFO|start|사회|04:10:10
2023-03-29 04:10:15,655|INFO|success|사회|33
2023-03-29 04:10:15,655|INFO|fail|사회|0
2023-03-29 04:10:16,065|INFO|start|생활/문화|04:10:15
2023-03-29 04:10:16,065|INFO|success|생활/문화|2
2023-03-29 04:10:16,065|INFO|fail|생활/문화|0
2023-03-29 04:10:17,737|INFO|start|IT/과학|04:10:16
2023-03-29 04:10:17,738|INFO|success|IT/과학|0
2023-03-29 04:10:17,738|INFO|fail|IT/과학|0
2023-03-29 04:10:17,738|INFO|start|tokenize
2023-03-29 04:10:26,307|INFO|finish|tokenize
2023-03-29 04:10:26,307|INFO|success|tokenize|78
2023-03-29 04:10:27,225|INFO|start|연예|04:10:26
2023-03-29 04:10:27,225|INFO|success|연예|2
2023-03-29 04:10:27,226|INFO|fail|연예|0
2023-03-29 04:10:27,226|INFO|start|tokenize
2023-03-29 04:10:27,378|INFO|finish|tokenize
2023-03-29 04:10:27,378|INFO|success|tokenize|2
2023-03-29 04:10:27,912|INFO|finish|crawling
2023-03-29 04:20:01,926|INFO|start|crawling
2023-03-29 04:20:04,135|INFO|start|정치|04:20:02
2023-03-29 04:20:04,135|INFO|success|정치|3
2023-03-29 04:20:04,136|INFO|fail|정치|0
2023-03-29 04:20:06,151|INFO|start|경제|04:20:04
2023-03-29 04:20:06,152|INFO|success|경제|3
2023-03-29 04:20:06,152|INFO|fail|경제|0
2023-03-29 04:20:07,890|INFO|start|사회|04:20:06
2023-03-29 04:20:07,890|INFO|success|사회|1
2023-03-29 04:20:07,890|INFO|fail|사회|0
2023-03-29 04:20:08,079|INFO|start|생활/문화|04:20:07
2023-03-29 04:20:08,079|INFO|success|생활/문화|0
2023-03-29 04:20:08,079|INFO|fail|생활/문화|0
2023-03-29 04:20:09,764|INFO|start|IT/과학|04:20:08
2023-03-29 04:20:09,764|INFO|success|IT/과학|0
2023-03-29 04:20:09,764|INFO|fail|IT/과학|0
2023-03-29 04:20:09,764|INFO|start|tokenize
2023-03-29 04:20:15,287|INFO|finish|tokenize
2023-03-29 04:20:15,288|INFO|success|tokenize|7
2023-03-29 04:20:16,467|INFO|start|연예|04:20:15
2023-03-29 04:20:16,467|INFO|success|연예|2
2023-03-29 04:20:16,467|INFO|fail|연예|0
2023-03-29 04:20:16,467|INFO|start|tokenize
2023-03-29 04:20:16,660|INFO|finish|tokenize
2023-03-29 04:20:16,660|INFO|success|tokenize|2
2023-03-29 04:20:17,248|INFO|finish|crawling
2023-03-29 04:30:01,257|INFO|start|crawling
2023-03-29 04:30:03,398|INFO|start|정치|04:30:01
2023-03-29 04:30:03,398|INFO|success|정치|1
2023-03-29 04:30:03,398|INFO|fail|정치|0
2023-03-29 04:30:05,689|INFO|start|경제|04:30:03
2023-03-29 04:30:05,689|INFO|success|경제|5
2023-03-29 04:30:05,689|INFO|fail|경제|0
2023-03-29 04:30:07,358|INFO|start|사회|04:30:05
2023-03-29 04:30:07,358|INFO|success|사회|0
2023-03-29 04:30:07,358|INFO|fail|사회|0
2023-03-29 04:30:07,554|INFO|start|생활/문화|04:30:07
2023-03-29 04:30:07,555|INFO|success|생활/문화|0
2023-03-29 04:30:07,555|INFO|fail|생활/문화|0
2023-03-29 04:30:09,150|INFO|start|IT/과학|04:30:07
2023-03-29 04:30:09,150|INFO|success|IT/과학|0
2023-03-29 04:30:09,150|INFO|fail|IT/과학|0
2023-03-29 04:30:09,150|INFO|start|tokenize
2023-03-29 04:30:14,383|INFO|finish|tokenize
2023-03-29 04:30:14,383|INFO|success|tokenize|6
2023-03-29 04:30:15,139|INFO|start|연예|04:30:14
2023-03-29 04:30:15,139|INFO|success|연예|0
2023-03-29 04:30:15,139|INFO|fail|연예|0
2023-03-29 04:30:15,761|INFO|finish|crawling
2023-03-29 04:40:01,770|INFO|start|crawling
2023-03-29 04:40:04,622|INFO|start|정치|04:40:02
2023-03-29 04:40:04,622|INFO|success|정치|9
2023-03-29 04:40:04,622|INFO|fail|정치|0
2023-03-29 04:40:06,982|INFO|start|경제|04:40:04
2023-03-29 04:40:06,982|INFO|success|경제|6
2023-03-29 04:40:06,982|INFO|fail|경제|0
2023-03-29 04:40:09,514|INFO|start|사회|04:40:06
2023-03-29 04:40:09,514|INFO|success|사회|8
2023-03-29 04:40:09,514|INFO|fail|사회|0
2023-03-29 04:40:09,925|INFO|start|생활/문화|04:40:09
2023-03-29 04:40:09,926|INFO|success|생활/문화|2
2023-03-29 04:40:09,926|INFO|fail|생활/문화|0
2023-03-29 04:40:11,641|INFO|start|IT/과학|04:40:09
2023-03-29 04:40:11,641|INFO|success|IT/과학|1
2023-03-29 04:40:11,642|INFO|fail|IT/과학|0
2023-03-29 04:40:11,642|INFO|start|tokenize
2023-03-29 04:40:19,176|INFO|finish|tokenize
2023-03-29 04:40:19,176|INFO|success|tokenize|26
2023-03-29 04:40:19,911|INFO|start|연예|04:40:19
2023-03-29 04:40:19,911|INFO|success|연예|0
2023-03-29 04:40:19,911|INFO|fail|연예|0
2023-03-29 04:40:20,314|INFO|finish|crawling
2023-03-29 04:50:01,323|INFO|start|crawling
2023-03-29 04:50:03,365|INFO|start|정치|04:50:01
2023-03-29 04:50:03,365|INFO|success|정치|1
2023-03-29 04:50:03,365|INFO|fail|정치|0
2023-03-29 04:50:05,280|INFO|start|경제|04:50:03
2023-03-29 04:50:05,280|INFO|success|경제|2
2023-03-29 04:50:05,280|INFO|fail|경제|0
2023-03-29 04:50:07,394|INFO|start|사회|04:50:05
2023-03-29 04:50:07,394|INFO|success|사회|3
2023-03-29 04:50:07,394|INFO|fail|사회|0
2023-03-29 04:50:07,593|INFO|start|생활/문화|04:50:07
2023-03-29 04:50:07,593|INFO|success|생활/문화|0
2023-03-29 04:50:07,593|INFO|fail|생활/문화|0
2023-03-29 04:50:09,269|INFO|start|IT/과학|04:50:07
2023-03-29 04:50:09,269|INFO|success|IT/과학|0
2023-03-29 04:50:09,269|INFO|fail|IT/과학|0
2023-03-29 04:50:09,269|INFO|start|tokenize
2023-03-29 04:50:14,291|INFO|finish|tokenize
2023-03-29 04:50:14,291|INFO|success|tokenize|6
2023-03-29 04:50:15,129|INFO|start|연예|04:50:14
2023-03-29 04:50:15,129|INFO|success|연예|0
2023-03-29 04:50:15,129|INFO|fail|연예|0
2023-03-29 04:50:15,662|INFO|finish|crawling
2023-03-29 05:00:01,671|INFO|start|crawling
2023-03-29 05:00:03,701|INFO|start|정치|05:00:02
2023-03-29 05:00:03,701|INFO|success|정치|1
2023-03-29 05:00:03,701|INFO|fail|정치|0
2023-03-29 05:00:06,008|INFO|start|경제|05:00:03
2023-03-29 05:00:06,008|INFO|success|경제|5
2023-03-29 05:00:06,008|INFO|fail|경제|0
2023-03-29 05:00:07,675|INFO|start|사회|05:00:06
2023-03-29 05:00:07,675|INFO|success|사회|0
2023-03-29 05:00:07,675|INFO|fail|사회|0
2023-03-29 05:00:07,978|INFO|start|생활/문화|05:00:07
2023-03-29 05:00:07,978|INFO|success|생활/문화|1
2023-03-29 05:00:07,978|INFO|fail|생활/문화|0
2023-03-29 05:00:09,642|INFO|start|IT/과학|05:00:07
2023-03-29 05:00:09,642|INFO|success|IT/과학|0
2023-03-29 05:00:09,642|INFO|fail|IT/과학|0
2023-03-29 05:00:09,642|INFO|start|tokenize
2023-03-29 05:00:15,294|INFO|finish|tokenize
2023-03-29 05:00:15,294|INFO|success|tokenize|7
2023-03-29 05:00:16,454|INFO|start|연예|05:00:15
2023-03-29 05:00:16,454|INFO|success|연예|4
2023-03-29 05:00:16,454|INFO|fail|연예|0
2023-03-29 05:00:16,454|INFO|start|tokenize
2023-03-29 05:00:16,792|INFO|finish|tokenize
2023-03-29 05:00:16,792|INFO|success|tokenize|4
2023-03-29 05:00:17,041|INFO|finish|crawling
2023-03-29 05:10:01,049|INFO|start|crawling
2023-03-29 05:10:06,922|INFO|start|정치|05:10:01
2023-03-29 05:10:06,922|INFO|success|정치|38
2023-03-29 05:10:06,922|INFO|fail|정치|0
2023-03-29 05:10:13,756|INFO|start|경제|05:10:06
2023-03-29 05:10:13,756|INFO|success|경제|46
2023-03-29 05:10:13,756|INFO|fail|경제|0
2023-03-29 05:10:20,771|INFO|start|사회|05:10:13
2023-03-29 05:10:20,771|INFO|success|사회|49
2023-03-29 05:10:20,771|INFO|fail|사회|0
2023-03-29 05:10:22,035|INFO|start|생활/문화|05:10:20
2023-03-29 05:10:22,035|INFO|success|생활/문화|10
2023-03-29 05:10:22,035|INFO|fail|생활/문화|0
2023-03-29 05:10:24,438|INFO|start|IT/과학|05:10:22
2023-03-29 05:10:24,438|INFO|success|IT/과학|7
2023-03-29 05:10:24,438|INFO|fail|IT/과학|0
2023-03-29 05:10:24,438|INFO|start|tokenize
2023-03-29 05:10:35,139|INFO|finish|tokenize
2023-03-29 05:10:35,139|INFO|success|tokenize|150
2023-03-29 05:10:36,128|INFO|start|연예|05:10:35
2023-03-29 05:10:36,128|INFO|success|연예|2
2023-03-29 05:10:36,128|INFO|fail|연예|0
2023-03-29 05:10:36,128|INFO|start|tokenize
2023-03-29 05:10:36,209|INFO|finish|tokenize
2023-03-29 05:10:36,209|INFO|success|tokenize|2
2023-03-29 05:10:36,623|INFO|finish|crawling
2023-03-29 05:20:01,637|INFO|start|crawling
2023-03-29 05:20:03,591|INFO|start|정치|05:20:02
2023-03-29 05:20:03,591|INFO|success|정치|0
2023-03-29 05:20:03,591|INFO|fail|정치|0
2023-03-29 05:20:06,430|INFO|start|경제|05:20:03
2023-03-29 05:20:06,430|INFO|success|경제|10
2023-03-29 05:20:06,430|INFO|fail|경제|0
2023-03-29 05:20:08,503|INFO|start|사회|05:20:06
2023-03-29 05:20:08,503|INFO|success|사회|3
2023-03-29 05:20:08,503|INFO|fail|사회|0
2023-03-29 05:20:08,704|INFO|start|생활/문화|05:20:08
2023-03-29 05:20:08,704|INFO|success|생활/문화|0
2023-03-29 05:20:08,704|INFO|fail|생활/문화|0
2023-03-29 05:20:10,373|INFO|start|IT/과학|05:20:08
2023-03-29 05:20:10,373|INFO|success|IT/과학|0
2023-03-29 05:20:10,373|INFO|fail|IT/과학|0
2023-03-29 05:20:10,373|INFO|start|tokenize
2023-03-29 05:20:16,364|INFO|finish|tokenize
2023-03-29 05:20:16,364|INFO|success|tokenize|13
2023-03-29 05:20:17,803|INFO|start|연예|05:20:16
2023-03-29 05:20:17,803|INFO|success|연예|7
2023-03-29 05:20:17,803|INFO|fail|연예|0
2023-03-29 05:20:17,803|INFO|start|tokenize
2023-03-29 05:20:18,057|INFO|finish|tokenize
2023-03-29 05:20:18,057|INFO|success|tokenize|7
2023-03-29 05:20:18,540|INFO|finish|crawling
2023-03-29 05:30:01,549|INFO|start|crawling
2023-03-29 05:30:04,228|INFO|start|정치|05:30:02
2023-03-29 05:30:04,228|INFO|success|정치|7
2023-03-29 05:30:04,228|INFO|fail|정치|0
2023-03-29 05:30:07,414|INFO|start|경제|05:30:04
2023-03-29 05:30:07,414|INFO|success|경제|13
2023-03-29 05:30:07,414|INFO|fail|경제|0
2023-03-29 05:30:09,098|INFO|start|사회|05:30:07
2023-03-29 05:30:09,098|INFO|success|사회|0
2023-03-29 05:30:09,098|INFO|fail|사회|0
2023-03-29 05:30:09,405|INFO|start|생활/문화|05:30:09
2023-03-29 05:30:09,405|INFO|success|생활/문화|1
2023-03-29 05:30:09,405|INFO|fail|생활/문화|0
2023-03-29 05:30:11,156|INFO|start|IT/과학|05:30:09
2023-03-29 05:30:11,157|INFO|success|IT/과학|1
2023-03-29 05:30:11,157|INFO|fail|IT/과학|0
2023-03-29 05:30:11,157|INFO|start|tokenize
2023-03-29 05:30:17,500|INFO|finish|tokenize
2023-03-29 05:30:17,500|INFO|success|tokenize|22
2023-03-29 05:30:19,181|INFO|start|연예|05:30:17
2023-03-29 05:30:19,182|INFO|success|연예|9
2023-03-29 05:30:19,182|INFO|fail|연예|0
2023-03-29 05:30:19,182|INFO|start|tokenize
2023-03-29 05:30:19,551|INFO|finish|tokenize
2023-03-29 05:30:19,551|INFO|success|tokenize|9
2023-03-29 05:30:19,889|INFO|finish|crawling
2023-03-29 05:40:01,897|INFO|start|crawling
2023-03-29 05:40:04,624|INFO|start|정치|05:40:02
2023-03-29 05:40:04,624|INFO|success|정치|7
2023-03-29 05:40:04,624|INFO|fail|정치|0
2023-03-29 05:40:07,863|INFO|start|경제|05:40:04
2023-03-29 05:40:07,863|INFO|success|경제|13
2023-03-29 05:40:07,863|INFO|fail|경제|0
2023-03-29 05:40:11,277|INFO|start|사회|05:40:07
2023-03-29 05:40:11,277|INFO|success|사회|16
2023-03-29 05:40:11,277|INFO|fail|사회|0
2023-03-29 05:40:11,481|INFO|start|생활/문화|05:40:11
2023-03-29 05:40:11,481|INFO|success|생활/문화|0
2023-03-29 05:40:11,481|INFO|fail|생활/문화|0
2023-03-29 05:40:13,384|INFO|start|IT/과학|05:40:11
2023-03-29 05:40:13,384|INFO|success|IT/과학|2
2023-03-29 05:40:13,384|INFO|fail|IT/과학|0
2023-03-29 05:40:13,385|INFO|start|tokenize
2023-03-29 05:40:20,442|INFO|finish|tokenize
2023-03-29 05:40:20,442|INFO|success|tokenize|38
2023-03-29 05:40:22,170|INFO|start|연예|05:40:20
2023-03-29 05:40:22,170|INFO|success|연예|9
2023-03-29 05:40:22,170|INFO|fail|연예|0
2023-03-29 05:40:22,170|INFO|start|tokenize
2023-03-29 05:40:22,463|INFO|finish|tokenize
2023-03-29 05:40:22,463|INFO|success|tokenize|9
2023-03-29 05:40:22,822|INFO|finish|crawling
2023-03-29 05:50:01,831|INFO|start|crawling
2023-03-29 05:50:04,177|INFO|start|정치|05:50:02
2023-03-29 05:50:04,177|INFO|success|정치|4
2023-03-29 05:50:04,177|INFO|fail|정치|0
2023-03-29 05:50:07,814|INFO|start|경제|05:50:04
2023-03-29 05:50:07,814|INFO|success|경제|17
2023-03-29 05:50:07,814|INFO|fail|경제|0
2023-03-29 05:50:09,896|INFO|start|사회|05:50:07
2023-03-29 05:50:09,897|INFO|success|사회|3
2023-03-29 05:50:09,897|INFO|fail|사회|0
2023-03-29 05:50:10,104|INFO|start|생활/문화|05:50:09
2023-03-29 05:50:10,105|INFO|success|생활/문화|0
2023-03-29 05:50:10,105|INFO|fail|생활/문화|0
2023-03-29 05:50:11,930|INFO|start|IT/과학|05:50:10
2023-03-29 05:50:11,931|INFO|success|IT/과학|2
2023-03-29 05:50:11,931|INFO|fail|IT/과학|0
2023-03-29 05:50:11,931|INFO|start|tokenize
2023-03-29 05:50:17,924|INFO|finish|tokenize
2023-03-29 05:50:17,925|INFO|success|tokenize|26
2023-03-29 05:50:18,895|INFO|start|연예|05:50:17
2023-03-29 05:50:18,895|INFO|success|연예|2
2023-03-29 05:50:18,895|INFO|fail|연예|0
2023-03-29 05:50:18,895|INFO|start|tokenize
2023-03-29 05:50:19,021|INFO|finish|tokenize
2023-03-29 05:50:19,021|INFO|success|tokenize|2
2023-03-29 05:50:19,633|INFO|finish|crawling
2023-03-29 06:00:01,642|INFO|start|crawling
2023-03-29 06:00:04,170|INFO|start|정치|06:00:02
2023-03-29 06:00:04,170|INFO|success|정치|5
2023-03-29 06:00:04,170|INFO|fail|정치|0
2023-03-29 06:00:07,013|INFO|start|경제|06:00:04
2023-03-29 06:00:07,013|INFO|success|경제|10
2023-03-29 06:00:07,013|INFO|fail|경제|0
2023-03-29 06:00:09,155|INFO|start|사회|06:00:07
2023-03-29 06:00:09,155|INFO|success|사회|5
2023-03-29 06:00:09,155|INFO|fail|사회|0
2023-03-29 06:00:09,351|INFO|start|생활/문화|06:00:09
2023-03-29 06:00:09,351|INFO|success|생활/문화|0
2023-03-29 06:00:09,351|INFO|fail|생활/문화|0
2023-03-29 06:00:11,202|INFO|start|IT/과학|06:00:09
2023-03-29 06:00:11,202|INFO|success|IT/과학|2
2023-03-29 06:00:11,202|INFO|fail|IT/과학|0
2023-03-29 06:00:11,202|INFO|start|tokenize
2023-03-29 06:00:17,937|INFO|finish|tokenize
2023-03-29 06:00:17,937|INFO|success|tokenize|22
2023-03-29 06:00:19,127|INFO|start|연예|06:00:17
2023-03-29 06:00:19,127|INFO|success|연예|5
2023-03-29 06:00:19,127|INFO|fail|연예|0
2023-03-29 06:00:19,127|INFO|start|tokenize
2023-03-29 06:00:19,402|INFO|finish|tokenize
2023-03-29 06:00:19,402|INFO|success|tokenize|5
2023-03-29 06:00:20,035|INFO|finish|crawling
2023-03-29 06:10:01,044|INFO|start|crawling
2023-03-29 06:10:05,594|INFO|start|정치|06:10:01
2023-03-29 06:10:05,594|INFO|success|정치|25
2023-03-29 06:10:05,594|INFO|fail|정치|0
2023-03-29 06:10:18,616|INFO|start|경제|06:10:05
2023-03-29 06:10:18,616|INFO|success|경제|101
2023-03-29 06:10:18,616|INFO|fail|경제|0
2023-03-29 06:10:29,885|INFO|start|사회|06:10:18
2023-03-29 06:10:29,885|INFO|success|사회|85
2023-03-29 06:10:29,885|INFO|fail|사회|0
2023-03-29 06:10:31,597|INFO|start|생활/문화|06:10:29
2023-03-29 06:10:31,597|INFO|success|생활/문화|13
2023-03-29 06:10:31,597|INFO|fail|생활/문화|0
2023-03-29 06:10:34,672|INFO|start|IT/과학|06:10:31
2023-03-29 06:10:34,672|INFO|success|IT/과학|13
2023-03-29 06:10:34,672|INFO|fail|IT/과학|0
2023-03-29 06:10:34,672|INFO|start|tokenize
2023-03-29 06:10:50,778|INFO|finish|tokenize
2023-03-29 06:10:50,778|INFO|success|tokenize|237
2023-03-29 06:10:52,643|INFO|start|연예|06:10:50
2023-03-29 06:10:52,643|INFO|success|연예|12
2023-03-29 06:10:52,643|INFO|fail|연예|0
2023-03-29 06:10:52,643|INFO|start|tokenize
2023-03-29 06:10:53,130|INFO|finish|tokenize
2023-03-29 06:10:53,130|INFO|success|tokenize|12
2023-03-29 06:10:53,731|INFO|finish|crawling
2023-03-29 06:20:01,745|INFO|start|crawling
2023-03-29 06:20:04,889|INFO|start|정치|06:20:02
2023-03-29 06:20:04,889|INFO|success|정치|12
2023-03-29 06:20:04,889|INFO|fail|정치|0
2023-03-29 06:20:10,109|INFO|start|경제|06:20:04
2023-03-29 06:20:10,109|INFO|success|경제|30
2023-03-29 06:20:10,109|INFO|fail|경제|0
2023-03-29 06:20:14,584|INFO|start|사회|06:20:10
2023-03-29 06:20:14,584|INFO|success|사회|26
2023-03-29 06:20:14,584|INFO|fail|사회|0
2023-03-29 06:20:14,955|INFO|start|생활/문화|06:20:14
2023-03-29 06:20:14,955|INFO|success|생활/문화|1
2023-03-29 06:20:14,955|INFO|fail|생활/문화|0
2023-03-29 06:20:16,576|INFO|start|IT/과학|06:20:14
2023-03-29 06:20:16,576|INFO|success|IT/과학|0
2023-03-29 06:20:16,576|INFO|fail|IT/과학|0
2023-03-29 06:20:16,576|INFO|start|tokenize
2023-03-29 06:20:25,023|INFO|finish|tokenize
2023-03-29 06:20:25,023|INFO|success|tokenize|69
2023-03-29 06:20:26,773|INFO|start|연예|06:20:25
2023-03-29 06:20:26,773|INFO|success|연예|8
2023-03-29 06:20:26,773|INFO|fail|연예|0
2023-03-29 06:20:26,773|INFO|start|tokenize
2023-03-29 06:20:27,179|INFO|finish|tokenize
2023-03-29 06:20:27,179|INFO|success|tokenize|8
2023-03-29 06:20:27,754|INFO|finish|crawling
2023-03-29 06:30:01,024|INFO|start|crawling
2023-03-29 06:30:03,375|INFO|start|정치|06:30:01
2023-03-29 06:30:03,376|INFO|success|정치|4
2023-03-29 06:30:03,376|INFO|fail|정치|0
2023-03-29 06:30:07,710|INFO|start|경제|06:30:03
2023-03-29 06:30:07,710|INFO|success|경제|24
2023-03-29 06:30:07,710|INFO|fail|경제|0
2023-03-29 06:30:10,556|INFO|start|사회|06:30:07
2023-03-29 06:30:10,556|INFO|success|사회|11
2023-03-29 06:30:10,557|INFO|fail|사회|0
2023-03-29 06:30:10,869|INFO|start|생활/문화|06:30:10
2023-03-29 06:30:10,869|INFO|success|생활/문화|1
2023-03-29 06:30:10,869|INFO|fail|생활/문화|0
2023-03-29 06:30:12,726|INFO|start|IT/과학|06:30:10
2023-03-29 06:30:12,726|INFO|success|IT/과학|2
2023-03-29 06:30:12,726|INFO|fail|IT/과학|0
2023-03-29 06:30:12,726|INFO|start|tokenize
2023-03-29 06:30:19,234|INFO|finish|tokenize
2023-03-29 06:30:19,235|INFO|success|tokenize|42
2023-03-29 06:30:20,853|INFO|start|연예|06:30:19
2023-03-29 06:30:20,853|INFO|success|연예|8
2023-03-29 06:30:20,853|INFO|fail|연예|0
2023-03-29 06:30:20,853|INFO|start|tokenize
2023-03-29 06:30:21,227|INFO|finish|tokenize
2023-03-29 06:30:21,228|INFO|success|tokenize|8
2023-03-29 06:30:21,825|INFO|finish|crawling
2023-03-29 06:40:01,834|INFO|start|crawling
2023-03-29 06:40:06,213|INFO|start|정치|06:40:02
2023-03-29 06:40:06,213|INFO|success|정치|24
2023-03-29 06:40:06,214|INFO|fail|정치|0
2023-03-29 06:40:11,130|INFO|start|경제|06:40:06
2023-03-29 06:40:11,130|INFO|success|경제|29
2023-03-29 06:40:11,130|INFO|fail|경제|0
2023-03-29 06:40:14,935|INFO|start|사회|06:40:11
2023-03-29 06:40:14,935|INFO|success|사회|20
2023-03-29 06:40:14,935|INFO|fail|사회|0
2023-03-29 06:40:15,297|INFO|start|생활/문화|06:40:14
2023-03-29 06:40:15,297|INFO|success|생활/문화|1
2023-03-29 06:40:15,297|INFO|fail|생활/문화|0
2023-03-29 06:40:17,319|INFO|start|IT/과학|06:40:15
2023-03-29 06:40:17,319|INFO|success|IT/과학|3
2023-03-29 06:40:17,319|INFO|fail|IT/과학|0
2023-03-29 06:40:17,319|INFO|start|tokenize
2023-03-29 06:40:26,048|INFO|finish|tokenize
2023-03-29 06:40:26,048|INFO|success|tokenize|77
2023-03-29 06:40:28,000|INFO|start|연예|06:40:26
2023-03-29 06:40:28,000|INFO|success|연예|11
2023-03-29 06:40:28,000|INFO|fail|연예|0
2023-03-29 06:40:28,000|INFO|start|tokenize
2023-03-29 06:40:28,522|INFO|finish|tokenize
2023-03-29 06:40:28,522|INFO|success|tokenize|11
2023-03-29 06:40:28,717|INFO|finish|crawling
2023-03-29 06:50:01,726|INFO|start|crawling
2023-03-29 06:50:04,337|INFO|start|정치|06:50:02
2023-03-29 06:50:04,337|INFO|success|정치|6
2023-03-29 06:50:04,337|INFO|fail|정치|0
2023-03-29 06:50:08,195|INFO|start|경제|06:50:04
2023-03-29 06:50:08,195|INFO|success|경제|19
2023-03-29 06:50:08,195|INFO|fail|경제|0
2023-03-29 06:50:13,348|INFO|start|사회|06:50:08
2023-03-29 06:50:13,348|INFO|success|사회|31
2023-03-29 06:50:13,348|INFO|fail|사회|0
2023-03-29 06:50:14,001|INFO|start|생활/문화|06:50:13
2023-03-29 06:50:14,001|INFO|success|생활/문화|4
2023-03-29 06:50:14,001|INFO|fail|생활/문화|0
2023-03-29 06:50:15,677|INFO|start|IT/과학|06:50:14
2023-03-29 06:50:15,677|INFO|success|IT/과학|0
2023-03-29 06:50:15,677|INFO|fail|IT/과학|0
2023-03-29 06:50:15,677|INFO|start|tokenize
2023-03-29 06:50:22,717|INFO|finish|tokenize
2023-03-29 06:50:22,717|INFO|success|tokenize|60
2023-03-29 06:50:23,705|INFO|start|연예|06:50:22
2023-03-29 06:50:23,705|INFO|success|연예|2
2023-03-29 06:50:23,705|INFO|fail|연예|0
2023-03-29 06:50:23,705|INFO|start|tokenize
2023-03-29 06:50:23,825|INFO|finish|tokenize
2023-03-29 06:50:23,825|INFO|success|tokenize|2
2023-03-29 06:50:24,183|INFO|finish|crawling
2023-03-29 07:00:01,192|INFO|start|crawling
2023-03-29 07:00:04,286|INFO|start|정치|07:00:01
2023-03-29 07:00:04,286|INFO|success|정치|10
2023-03-29 07:00:04,286|INFO|fail|정치|0
2023-03-29 07:00:07,937|INFO|start|경제|07:00:04
2023-03-29 07:00:07,937|INFO|success|경제|16
2023-03-29 07:00:07,937|INFO|fail|경제|0
2023-03-29 07:00:12,478|INFO|start|사회|07:00:07
2023-03-29 07:00:12,478|INFO|success|사회|27
2023-03-29 07:00:12,478|INFO|fail|사회|0
2023-03-29 07:00:12,878|INFO|start|생활/문화|07:00:12
2023-03-29 07:00:12,878|INFO|success|생활/문화|2
2023-03-29 07:00:12,878|INFO|fail|생활/문화|0
2023-03-29 07:00:14,718|INFO|start|IT/과학|07:00:12
2023-03-29 07:00:14,719|INFO|success|IT/과학|2
2023-03-29 07:00:14,719|INFO|fail|IT/과학|0
2023-03-29 07:00:14,719|INFO|start|tokenize
2023-03-29 07:00:21,987|INFO|finish|tokenize
2023-03-29 07:00:21,987|INFO|success|tokenize|57
2023-03-29 07:00:23,579|INFO|start|연예|07:00:21
2023-03-29 07:00:23,579|INFO|success|연예|7
2023-03-29 07:00:23,579|INFO|fail|연예|0
2023-03-29 07:00:23,579|INFO|start|tokenize
2023-03-29 07:00:23,955|INFO|finish|tokenize
2023-03-29 07:00:23,955|INFO|success|tokenize|7
2023-03-29 07:00:24,525|INFO|finish|crawling
2023-03-29 07:10:01,534|INFO|start|crawling
2023-03-29 07:10:04,534|INFO|start|정치|07:10:02
2023-03-29 07:10:04,534|INFO|success|정치|10
2023-03-29 07:10:04,535|INFO|fail|정치|0
2023-03-29 07:10:12,133|INFO|start|경제|07:10:04
2023-03-29 07:10:12,134|INFO|success|경제|50
2023-03-29 07:10:12,134|INFO|fail|경제|0
2023-03-29 07:10:18,366|INFO|start|사회|07:10:12
2023-03-29 07:10:18,366|INFO|success|사회|42
2023-03-29 07:10:18,366|INFO|fail|사회|0
2023-03-29 07:10:19,661|INFO|start|생활/문화|07:10:18
2023-03-29 07:10:19,661|INFO|success|생활/문화|9
2023-03-29 07:10:19,661|INFO|fail|생활/문화|0
2023-03-29 07:10:21,665|ERROR|CRAWLING|IT/과학|게임/리뷰|'NoneType' object has no attribute 'text'
2023-03-29 07:10:21,861|INFO|start|IT/과학|07:10:19
2023-03-29 07:10:21,861|INFO|success|IT/과학|4
2023-03-29 07:10:21,861|INFO|fail|IT/과학|1
2023-03-29 07:10:21,861|INFO|start|tokenize
2023-03-29 07:10:32,927|INFO|finish|tokenize
2023-03-29 07:10:32,927|INFO|success|tokenize|115
2023-03-29 07:10:35,463|INFO|start|연예|07:10:32
2023-03-29 07:10:35,463|INFO|success|연예|17
2023-03-29 07:10:35,463|INFO|fail|연예|0
2023-03-29 07:10:35,463|INFO|start|tokenize
2023-03-29 07:10:35,886|INFO|finish|tokenize
2023-03-29 07:10:35,886|INFO|success|tokenize|17
2023-03-29 07:10:36,510|INFO|finish|crawling
2023-03-29 07:20:01,524|INFO|start|crawling
2023-03-29 07:20:04,781|INFO|start|정치|07:20:02
2023-03-29 07:20:04,781|INFO|success|정치|11
2023-03-29 07:20:04,781|INFO|fail|정치|0
2023-03-29 07:20:08,934|INFO|start|경제|07:20:04
2023-03-29 07:20:08,935|INFO|success|경제|21
2023-03-29 07:20:08,935|INFO|fail|경제|0
2023-03-29 07:20:17,508|INFO|start|사회|07:20:08
2023-03-29 07:20:17,508|INFO|success|사회|62
2023-03-29 07:20:17,508|INFO|fail|사회|0
2023-03-29 07:20:18,115|INFO|start|생활/문화|07:20:17
2023-03-29 07:20:18,115|INFO|success|생활/문화|4
2023-03-29 07:20:18,115|INFO|fail|생활/문화|0
2023-03-29 07:20:19,820|ERROR|CRAWLING|IT/과학|게임/리뷰|'NoneType' object has no attribute 'text'
2023-03-29 07:20:20,069|INFO|start|IT/과학|07:20:18
2023-03-29 07:20:20,069|INFO|success|IT/과학|1
2023-03-29 07:20:20,070|INFO|fail|IT/과학|1
2023-03-29 07:20:20,070|INFO|start|tokenize
2023-03-29 07:20:28,908|INFO|finish|tokenize
2023-03-29 07:20:28,908|INFO|success|tokenize|99
2023-03-29 07:20:31,668|INFO|start|연예|07:20:28
2023-03-29 07:20:31,668|INFO|success|연예|19
2023-03-29 07:20:31,668|INFO|fail|연예|0
2023-03-29 07:20:31,668|INFO|start|tokenize
2023-03-29 07:20:32,343|INFO|finish|tokenize
2023-03-29 07:20:32,344|INFO|success|tokenize|19
2023-03-29 07:20:32,955|INFO|finish|crawling
2023-03-29 07:30:01,964|INFO|start|crawling
2023-03-29 07:30:07,430|INFO|start|정치|07:30:02
2023-03-29 07:30:07,430|INFO|success|정치|15
2023-03-29 07:30:07,430|INFO|fail|정치|0
2023-03-29 07:30:11,920|INFO|start|경제|07:30:07
2023-03-29 07:30:11,920|INFO|success|경제|17
2023-03-29 07:30:11,920|INFO|fail|경제|0
2023-03-29 07:30:20,746|INFO|start|사회|07:30:11
2023-03-29 07:30:20,746|INFO|success|사회|66
2023-03-29 07:30:20,746|INFO|fail|사회|0
2023-03-29 07:30:21,502|INFO|start|생활/문화|07:30:20
2023-03-29 07:30:21,502|INFO|success|생활/문화|5
2023-03-29 07:30:21,502|INFO|fail|생활/문화|0
2023-03-29 07:30:23,259|ERROR|CRAWLING|IT/과학|게임/리뷰|'NoneType' object has no attribute 'text'
2023-03-29 07:30:23,464|INFO|start|IT/과학|07:30:21
2023-03-29 07:30:23,464|INFO|success|IT/과학|1
2023-03-29 07:30:23,464|INFO|fail|IT/과학|1
2023-03-29 07:30:23,464|INFO|start|tokenize
2023-03-29 07:30:32,493|INFO|finish|tokenize
2023-03-29 07:30:32,493|INFO|success|tokenize|104
2023-03-29 07:30:34,954|INFO|start|연예|07:30:32
2023-03-29 07:30:34,954|INFO|success|연예|19
2023-03-29 07:30:34,954|INFO|fail|연예|0
2023-03-29 07:30:34,954|INFO|start|tokenize
2023-03-29 07:30:35,607|INFO|finish|tokenize
2023-03-29 07:30:35,607|INFO|success|tokenize|19
2023-03-29 07:30:35,974|INFO|finish|crawling
2023-03-29 07:40:01,983|INFO|start|crawling
2023-03-29 07:40:05,950|INFO|start|정치|07:40:02
2023-03-29 07:40:05,950|INFO|success|정치|20
2023-03-29 07:40:05,950|INFO|fail|정치|0
2023-03-29 07:40:09,926|INFO|start|경제|07:40:05
2023-03-29 07:40:09,926|INFO|success|경제|21
2023-03-29 07:40:09,926|INFO|fail|경제|0
2023-03-29 07:40:15,870|INFO|start|사회|07:40:09
2023-03-29 07:40:15,870|INFO|success|사회|39
2023-03-29 07:40:15,870|INFO|fail|사회|0
2023-03-29 07:40:16,332|INFO|start|생활/문화|07:40:15
2023-03-29 07:40:16,332|INFO|success|생활/문화|2
2023-03-29 07:40:16,333|INFO|fail|생활/문화|0
2023-03-29 07:40:18,343|ERROR|CRAWLING|IT/과학|게임/리뷰|'NoneType' object has no attribute 'text'
2023-03-29 07:40:18,555|INFO|start|IT/과학|07:40:16
2023-03-29 07:40:18,555|INFO|success|IT/과학|4
2023-03-29 07:40:18,555|INFO|fail|IT/과학|1
2023-03-29 07:40:18,555|INFO|start|tokenize
2023-03-29 07:40:28,222|INFO|finish|tokenize
2023-03-29 07:40:28,222|INFO|success|tokenize|86
2023-03-29 07:40:30,999|INFO|start|연예|07:40:28
2023-03-29 07:40:30,999|INFO|success|연예|18
2023-03-29 07:40:30,999|INFO|fail|연예|0
2023-03-29 07:40:30,999|INFO|start|tokenize
2023-03-29 07:40:31,734|INFO|finish|tokenize
2023-03-29 07:40:31,734|INFO|success|tokenize|18
2023-03-29 07:40:32,413|INFO|finish|crawling
2023-03-29 07:50:01,422|INFO|start|crawling
2023-03-29 07:50:03,871|INFO|start|정치|07:50:02
2023-03-29 07:50:03,871|INFO|success|정치|5
2023-03-29 07:50:03,871|INFO|fail|정치|0
2023-03-29 07:50:09,269|INFO|start|경제|07:50:03
2023-03-29 07:50:09,269|INFO|success|경제|32
2023-03-29 07:50:09,269|INFO|fail|경제|0
2023-03-29 07:50:15,393|INFO|start|사회|07:50:09
2023-03-29 07:50:15,393|INFO|success|사회|41
2023-03-29 07:50:15,393|INFO|fail|사회|0
2023-03-29 07:50:16,176|INFO|start|생활/문화|07:50:15
2023-03-29 07:50:16,176|INFO|success|생활/문화|5
2023-03-29 07:50:16,177|INFO|fail|생활/문화|0
2023-03-29 07:50:18,007|INFO|start|IT/과학|07:50:16
2023-03-29 07:50:18,008|INFO|success|IT/과학|2
2023-03-29 07:50:18,008|INFO|fail|IT/과학|0
2023-03-29 07:50:18,008|INFO|start|tokenize
2023-03-29 07:50:26,172|INFO|finish|tokenize
2023-03-29 07:50:26,172|INFO|success|tokenize|85
2023-03-29 07:50:28,698|INFO|start|연예|07:50:26
2023-03-29 07:50:28,698|INFO|success|연예|12
2023-03-29 07:50:28,698|INFO|fail|연예|0
2023-03-29 07:50:28,698|INFO|start|tokenize
2023-03-29 07:50:29,513|INFO|finish|tokenize
2023-03-29 07:50:29,514|INFO|success|tokenize|12
2023-03-29 07:50:29,918|INFO|finish|crawling
2023-03-29 08:00:01,926|INFO|start|crawling
2023-03-29 08:00:05,401|INFO|start|정치|08:00:02
2023-03-29 08:00:05,403|INFO|success|정치|10
2023-03-29 08:00:05,403|INFO|fail|정치|0
2023-03-29 08:00:10,506|INFO|start|경제|08:00:05
2023-03-29 08:00:10,506|INFO|success|경제|29
2023-03-29 08:00:10,506|INFO|fail|경제|0
2023-03-29 08:00:16,988|INFO|start|사회|08:00:10
2023-03-29 08:00:16,988|INFO|success|사회|41
2023-03-29 08:00:16,988|INFO|fail|사회|0
2023-03-29 08:00:17,564|ERROR|CRAWLING|생활/문화|생활문화 일반|'NoneType' object has no attribute 'text'
2023-03-29 08:00:17,567|INFO|start|생활/문화|08:00:16
2023-03-29 08:00:17,567|INFO|success|생활/문화|2
2023-03-29 08:00:17,567|INFO|fail|생활/문화|1
2023-03-29 08:00:19,467|INFO|start|IT/과학|08:00:17
2023-03-29 08:00:19,467|INFO|success|IT/과학|2
2023-03-29 08:00:19,467|INFO|fail|IT/과학|0
2023-03-29 08:00:19,467|INFO|start|tokenize
2023-03-29 08:00:28,428|INFO|finish|tokenize
2023-03-29 08:00:28,428|INFO|success|tokenize|84
2023-03-29 08:00:31,093|INFO|start|연예|08:00:28
2023-03-29 08:00:31,093|INFO|success|연예|15
2023-03-29 08:00:31,093|INFO|fail|연예|0
2023-03-29 08:00:31,093|INFO|start|tokenize
2023-03-29 08:00:31,571|INFO|finish|tokenize
2023-03-29 08:00:31,571|INFO|success|tokenize|15
2023-03-29 08:00:31,859|INFO|finish|crawling
2023-03-29 08:10:01,868|INFO|start|crawling
2023-03-29 08:10:05,134|INFO|start|정치|08:10:02
2023-03-29 08:10:05,134|INFO|success|정치|13
2023-03-29 08:10:05,134|INFO|fail|정치|0
2023-03-29 08:10:12,288|INFO|start|경제|08:10:05
2023-03-29 08:10:12,288|INFO|success|경제|50
2023-03-29 08:10:12,288|INFO|fail|경제|0
2023-03-29 08:10:16,865|ERROR|CRAWLING|사회|인물|'NoneType' object has no attribute 'text'
2023-03-29 08:10:19,259|INFO|start|사회|08:10:12
2023-03-29 08:10:19,259|INFO|success|사회|47
2023-03-29 08:10:19,259|INFO|fail|사회|1
2023-03-29 08:10:20,402|ERROR|CRAWLING|생활/문화|생활문화 일반|'NoneType' object has no attribute 'text'
2023-03-29 08:10:20,508|INFO|start|생활/문화|08:10:19
2023-03-29 08:10:20,508|INFO|success|생활/문화|8
2023-03-29 08:10:20,508|INFO|fail|생활/문화|1
2023-03-29 08:10:22,565|INFO|start|IT/과학|08:10:20
2023-03-29 08:10:22,565|INFO|success|IT/과학|4
2023-03-29 08:10:22,566|INFO|fail|IT/과학|0
2023-03-29 08:10:22,566|INFO|start|tokenize
2023-03-29 08:10:33,431|INFO|finish|tokenize
2023-03-29 08:10:33,431|INFO|success|tokenize|122
2023-03-29 08:10:40,587|INFO|start|연예|08:10:33
2023-03-29 08:10:40,588|INFO|success|연예|53
2023-03-29 08:10:40,588|INFO|fail|연예|0
2023-03-29 08:10:40,588|INFO|start|tokenize
2023-03-29 08:10:43,015|INFO|finish|tokenize
2023-03-29 08:10:43,015|INFO|success|tokenize|53
2023-03-29 08:10:43,297|INFO|finish|crawling
2023-03-29 08:20:01,311|INFO|start|crawling
2023-03-29 08:20:03,775|INFO|start|정치|08:20:01
2023-03-29 08:20:03,775|INFO|success|정치|5
2023-03-29 08:20:03,775|INFO|fail|정치|0
2023-03-29 08:20:10,611|INFO|start|경제|08:20:03
2023-03-29 08:20:10,611|INFO|success|경제|45
2023-03-29 08:20:10,611|INFO|fail|경제|0
2023-03-29 08:20:15,611|ERROR|CRAWLING|사회|인물|'NoneType' object has no attribute 'text'
2023-03-29 08:20:17,857|INFO|start|사회|08:20:10
2023-03-29 08:20:17,857|INFO|success|사회|36
2023-03-29 08:20:17,857|INFO|fail|사회|1
2023-03-29 08:20:18,609|INFO|start|생활/문화|08:20:17
2023-03-29 08:20:18,609|INFO|success|생활/문화|5
2023-03-29 08:20:18,609|INFO|fail|생활/문화|0
2023-03-29 08:20:20,892|INFO|start|IT/과학|08:20:18
2023-03-29 08:20:20,892|INFO|success|IT/과학|6
2023-03-29 08:20:20,892|INFO|fail|IT/과학|0
2023-03-29 08:20:20,892|INFO|start|tokenize
2023-03-29 08:20:29,525|INFO|finish|tokenize
2023-03-29 08:20:29,525|INFO|success|tokenize|97
2023-03-29 08:20:34,135|INFO|start|연예|08:20:29
2023-03-29 08:20:34,136|INFO|success|연예|31
2023-03-29 08:20:34,136|INFO|fail|연예|0
2023-03-29 08:20:34,136|INFO|start|tokenize
2023-03-29 08:20:35,333|INFO|finish|tokenize
2023-03-29 08:20:35,333|INFO|success|tokenize|31
2023-03-29 08:20:35,768|INFO|finish|crawling
2023-03-29 08:30:01,777|INFO|start|crawling
2023-03-29 08:30:04,769|INFO|start|정치|08:30:02
2023-03-29 08:30:04,769|INFO|success|정치|11
2023-03-29 08:30:04,769|INFO|fail|정치|0
2023-03-29 08:30:12,927|INFO|start|경제|08:30:04
2023-03-29 08:30:12,927|INFO|success|경제|56
2023-03-29 08:30:12,927|INFO|fail|경제|0
2023-03-29 08:30:17,415|ERROR|CRAWLING|사회|인물|'NoneType' object has no attribute 'text'
2023-03-29 08:30:19,823|INFO|start|사회|08:30:12
2023-03-29 08:30:19,823|INFO|success|사회|46
2023-03-29 08:30:19,823|INFO|fail|사회|1
2023-03-29 08:30:20,414|INFO|start|생활/문화|08:30:19
2023-03-29 08:30:20,415|INFO|success|생활/문화|4
2023-03-29 08:30:20,415|INFO|fail|생활/문화|0
2023-03-29 08:30:22,654|INFO|start|IT/과학|08:30:20
2023-03-29 08:30:22,654|INFO|success|IT/과학|6
2023-03-29 08:30:22,654|INFO|fail|IT/과학|0
2023-03-29 08:30:22,655|INFO|start|tokenize
2023-03-29 08:30:31,695|INFO|finish|tokenize
2023-03-29 08:30:31,695|INFO|success|tokenize|123
2023-03-29 08:30:35,624|INFO|start|연예|08:30:31
2023-03-29 08:30:35,624|INFO|success|연예|31
2023-03-29 08:30:35,624|INFO|fail|연예|0
2023-03-29 08:30:35,624|INFO|start|tokenize
2023-03-29 08:30:36,805|INFO|finish|tokenize
2023-03-29 08:30:36,805|INFO|success|tokenize|31
2023-03-29 08:30:37,328|INFO|finish|crawling
2023-03-29 08:40:01,337|INFO|start|crawling
2023-03-29 08:40:05,242|INFO|start|정치|08:40:02
2023-03-29 08:40:05,242|INFO|success|정치|16
2023-03-29 08:40:05,242|INFO|fail|정치|0
2023-03-29 08:40:15,223|INFO|start|경제|08:40:05
2023-03-29 08:40:15,223|INFO|success|경제|74
2023-03-29 08:40:15,223|INFO|fail|경제|0
2023-03-29 08:40:20,446|ERROR|CRAWLING|사회|인물|'NoneType' object has no attribute 'text'
2023-03-29 08:40:22,904|INFO|start|사회|08:40:15
2023-03-29 08:40:22,904|INFO|success|사회|52
2023-03-29 08:40:22,904|INFO|fail|사회|1
2023-03-29 08:40:23,444|INFO|start|생활/문화|08:40:22
2023-03-29 08:40:23,444|INFO|success|생활/문화|3
2023-03-29 08:40:23,444|INFO|fail|생활/문화|0
2023-03-29 08:40:25,999|INFO|start|IT/과학|08:40:23
2023-03-29 08:40:26,000|INFO|success|IT/과학|8
2023-03-29 08:40:26,000|INFO|fail|IT/과학|0
2023-03-29 08:40:26,000|INFO|start|tokenize
2023-03-29 08:40:36,115|INFO|finish|tokenize
2023-03-29 08:40:36,115|INFO|success|tokenize|153
2023-03-29 08:40:40,645|INFO|start|연예|08:40:36
2023-03-29 08:40:40,645|INFO|success|연예|31
2023-03-29 08:40:40,645|INFO|fail|연예|0
2023-03-29 08:40:40,645|INFO|start|tokenize
2023-03-29 08:40:41,816|INFO|finish|tokenize
2023-03-29 08:40:41,816|INFO|success|tokenize|31
2023-03-29 08:40:42,315|INFO|finish|crawling
2023-03-29 08:50:01,324|INFO|start|crawling
2023-03-29 08:50:04,021|INFO|start|정치|08:50:01
2023-03-29 08:50:04,021|INFO|success|정치|7
2023-03-29 08:50:04,021|INFO|fail|정치|0
2023-03-29 08:50:14,517|INFO|start|경제|08:50:04
2023-03-29 08:50:14,517|INFO|success|경제|78
2023-03-29 08:50:14,517|INFO|fail|경제|0
2023-03-29 08:50:21,767|INFO|start|사회|08:50:14
2023-03-29 08:50:21,767|INFO|success|사회|48
2023-03-29 08:50:21,767|INFO|fail|사회|0
2023-03-29 08:50:22,297|INFO|start|생활/문화|08:50:21
2023-03-29 08:50:22,297|INFO|success|생활/문화|3
2023-03-29 08:50:22,297|INFO|fail|생활/문화|0
2023-03-29 08:50:24,789|INFO|start|IT/과학|08:50:22
2023-03-29 08:50:24,789|INFO|success|IT/과학|7
2023-03-29 08:50:24,790|INFO|fail|IT/과학|0
2023-03-29 08:50:24,790|INFO|start|tokenize
2023-03-29 08:50:34,472|INFO|finish|tokenize
2023-03-29 08:50:34,473|INFO|success|tokenize|143
2023-03-29 08:50:38,071|INFO|start|연예|08:50:34
2023-03-29 08:50:38,071|INFO|success|연예|28
2023-03-29 08:50:38,071|INFO|fail|연예|0
2023-03-29 08:50:38,071|INFO|start|tokenize
2023-03-29 08:50:38,990|INFO|finish|tokenize
2023-03-29 08:50:38,990|INFO|success|tokenize|28
2023-03-29 08:50:39,213|INFO|finish|crawling
2023-03-29 09:00:01,221|INFO|start|crawling
2023-03-29 09:00:04,540|INFO|start|정치|09:00:01
2023-03-29 09:00:04,540|INFO|success|정치|13
2023-03-29 09:00:04,540|INFO|fail|정치|0
2023-03-29 09:00:14,816|INFO|start|경제|09:00:04
2023-03-29 09:00:14,816|INFO|success|경제|76
2023-03-29 09:00:14,816|INFO|fail|경제|0
2023-03-29 09:00:22,150|INFO|start|사회|09:00:14
2023-03-29 09:00:22,150|INFO|success|사회|51
2023-03-29 09:00:22,150|INFO|fail|사회|0
2023-03-29 09:00:22,871|INFO|start|생활/문화|09:00:22
2023-03-29 09:00:22,871|INFO|success|생활/문화|5
2023-03-29 09:00:22,871|INFO|fail|생활/문화|0
2023-03-29 09:00:25,875|INFO|start|IT/과학|09:00:22
2023-03-29 09:00:25,875|INFO|success|IT/과학|12
2023-03-29 09:00:25,875|INFO|fail|IT/과학|0
2023-03-29 09:00:25,875|INFO|start|tokenize
2023-03-29 09:00:37,116|INFO|finish|tokenize
2023-03-29 09:00:37,116|INFO|success|tokenize|157
2023-03-29 09:00:42,590|INFO|start|연예|09:00:37
2023-03-29 09:00:42,590|INFO|success|연예|42
2023-03-29 09:00:42,590|INFO|fail|연예|0
2023-03-29 09:00:42,590|INFO|start|tokenize
2023-03-29 09:00:43,962|INFO|finish|tokenize
2023-03-29 09:00:43,962|INFO|success|tokenize|42
2023-03-29 09:00:44,611|INFO|finish|crawling
2023-03-29 09:10:01,620|INFO|start|crawling
2023-03-29 09:10:06,624|INFO|start|정치|09:10:02
2023-03-29 09:10:06,624|INFO|success|정치|28
2023-03-29 09:10:06,624|INFO|fail|정치|0
2023-03-29 09:10:19,373|INFO|start|경제|09:10:06
2023-03-29 09:10:19,373|INFO|success|경제|99
2023-03-29 09:10:19,373|INFO|fail|경제|0
2023-03-29 09:10:27,346|INFO|start|사회|09:10:19
2023-03-29 09:10:27,346|INFO|success|사회|57
2023-03-29 09:10:27,346|INFO|fail|사회|0
2023-03-29 09:10:28,703|INFO|start|생활/문화|09:10:27
2023-03-29 09:10:28,704|INFO|success|생활/문화|10
2023-03-29 09:10:28,704|INFO|fail|생활/문화|0
2023-03-29 09:10:32,745|INFO|start|IT/과학|09:10:28
2023-03-29 09:10:32,745|INFO|success|IT/과학|21
2023-03-29 09:10:32,745|INFO|fail|IT/과학|0
2023-03-29 09:10:32,745|INFO|start|tokenize
2023-03-29 09:10:44,976|INFO|finish|tokenize
2023-03-29 09:10:44,976|INFO|success|tokenize|215
2023-03-29 09:10:51,276|INFO|start|연예|09:10:44
2023-03-29 09:10:51,276|INFO|success|연예|44
2023-03-29 09:10:51,276|INFO|fail|연예|0
2023-03-29 09:10:51,276|INFO|start|tokenize
2023-03-29 09:10:52,714|INFO|finish|tokenize
2023-03-29 09:10:52,714|INFO|success|tokenize|44
2023-03-29 09:10:53,043|INFO|finish|crawling
