2023-03-28 13:40:01 Tue INFO start crawling
2023-03-28 13:40:18 Tue INFO start 정치 13:40:01
2023-03-28 13:40:18 Tue INFO success 정치 120
2023-03-28 13:40:18 Tue INFO fail 정치 0
2023-03-28 13:41:11 Tue INFO start 경제 13:40:18
2023-03-28 13:41:11 Tue INFO success 경제 160
2023-03-28 13:41:11 Tue INFO fail 경제 0
2023-03-28 13:41:38 Tue ERROR CRAWLING 사회 언론 https://n.news.naver.com/mnews/article/001/0013842005?sid=102 [ 'NoneType' object has no attribute 'text' ]
2023-03-28 13:41:40 Tue ERROR CRAWLING 사회 언론 https://n.news.naver.com/mnews/article/001/0013841786?sid=102 [ 'NoneType' object has no attribute 'text' ]
2023-03-28 13:41:53 Tue ERROR CRAWLING 사회 지역 https://n.news.naver.com/mnews/article/056/0011454043?sid=102 [ 'NoneType' object has no attribute 'text' ]
2023-03-28 13:42:10 Tue INFO start 사회 13:41:11
2023-03-28 13:42:10 Tue INFO success 사회 144
2023-03-28 13:42:10 Tue INFO fail 사회 3
2023-03-28 13:42:19 Tue INFO start 생활/문화 13:42:10
2023-03-28 13:42:19 Tue INFO success 생활/문화 20
2023-03-28 13:42:19 Tue INFO fail 생활/문화 0
2023-03-28 13:42:38 Tue ERROR CRAWLING IT/과학 게임/리뷰 https://n.news.naver.com/mnews/article/347/0000171014?sid=105 [ 'NoneType' object has no attribute 'text' ]
2023-03-28 13:42:40 Tue ERROR CRAWLING IT/과학 게임/리뷰 https://n.news.naver.com/mnews/article/236/0000232598?sid=105 [ 'NoneType' object has no attribute 'text' ]
2023-03-28 13:42:41 Tue ERROR CRAWLING IT/과학 게임/리뷰 https://n.news.naver.com/mnews/article/236/0000232595?sid=105 [ 'NoneType' object has no attribute 'text' ]
2023-03-28 13:42:43 Tue INFO start IT/과학 13:42:19
2023-03-28 13:42:43 Tue INFO success IT/과학 141
2023-03-28 13:42:43 Tue INFO fail IT/과학 3
2023-03-28 13:43:03 Tue INFO start 연예 13:42:44
2023-03-28 13:43:03 Tue INFO success 연예 112
2023-03-28 13:43:03 Tue INFO fail 연예 0
2023-03-28 13:43:03 Tue INFO finish crawling
